#
# There is insufficient memory for the Java Runtime Environment to continue.
# Native memory allocation (malloc) failed to allocate 60416 bytes for Chunk::new
# Possible reasons:
#   The system is out of physical RAM or swap space
#   The process is running with CompressedOops enabled, and the Java Heap may be blocking the growth of the native heap
# Possible solutions:
#   Reduce memory load on the system
#   Increase physical memory or swap space
#   Check if swap backing store is full
#   Decrease Java heap size (-Xmx/-Xms)
#   Decrease number of Java threads
#   Decrease Java thread stack sizes (-Xss)
#   Set larger code cache with -XX:ReservedCodeCacheSize=
#   JVM is running with Unscaled Compressed Oops mode in which the Java heap is
#     placed in the first 4GB address space. The Java Heap base address is the
#     maximum limit for the native heap growth. Please use -XX:HeapBaseMinAddress
#     to set the Java Heap base and to place the Java Heap above 4GB virtual address.
# This output file may be truncated or incomplete.
#
#  Out of Memory Error (./src/hotspot/share/memory/arena.cpp:197), pid=1232, tid=13376
#
# JRE version: OpenJDK Runtime Environment JBR-11.0.10.8-1145.96-jcef (11.0.10+8) (build 11.0.10+8-b1145.96)
# Java VM: OpenJDK 64-Bit Server VM JBR-11.0.10.8-1145.96-jcef (11.0.10+8-b1145.96, mixed mode, tiered, compressed oops, g1 gc, windows-amd64)
# No core dump will be written. Minidumps are not enabled by default on client versions of Windows
#

---------------  S U M M A R Y ------------

Command Line: -XX:MaxMetaspaceSize=256m -XX:+HeapDumpOnOutOfMemoryError --add-opens=java.base/java.util=ALL-UNNAMED --add-opens=java.base/java.lang=ALL-UNNAMED --add-opens=java.base/java.lang.invoke=ALL-UNNAMED --add-opens=java.prefs/java.util.prefs=ALL-UNNAMED -Xms256m -Xmx512m -Dfile.encoding=GBK -Duser.country=CN -Duser.language=zh -Duser.variant org.gradle.launcher.daemon.bootstrap.GradleDaemon 6.7

Host: Intel(R) Core(TM) i5-5200U CPU @ 2.20GHz, 4 cores, 7G,  Windows 10 , 64 bit Build 17134 (10.0.17134.1425)
Time: Thu May 27 12:11:54 2021 ?D1¨²¡À¨º¡Á?¨º¡À?? elapsed time: 28.169652 seconds (0d 0h 0m 28s)

---------------  T H R E A D  ---------------

Current thread (0x000002177f3e3000):  JavaThread "C2 CompilerThread0" daemon [_thread_in_native, id=13376, stack(0x0000009ceea00000,0x0000009ceeb00000)]


Current CompileTask:
C2:  28169 4326       4       java.util.WeakHashMap$HashIterator::hasNext (95 bytes)

Stack: [0x0000009ceea00000,0x0000009ceeb00000]
Native frames: (J=compiled Java code, j=interpreted, Vv=VM code, C=native code)
V  [jvm.dll+0x5ece6a]
V  [jvm.dll+0x722cd5]
V  [jvm.dll+0x72422d]
V  [jvm.dll+0x7248e3]
V  [jvm.dll+0x2428d8]
V  [jvm.dll+0xbc5fc]
V  [jvm.dll+0xbcafc]
V  [jvm.dll+0x2b4f04]
V  [jvm.dll+0x5062e8]
V  [jvm.dll+0x1fd2b6]
V  [jvm.dll+0x1fad3f]
V  [jvm.dll+0x18358c]
V  [jvm.dll+0x209547]
V  [jvm.dll+0x207d91]
V  [jvm.dll+0x6eb3df]
V  [jvm.dll+0x6e3f05]
V  [jvm.dll+0x5ebd56]
C  [ucrtbase.dll+0x1e3fe]
C  [KERNEL32.DLL+0x14034]
C  [ntdll.dll+0x73691]


---------------  P R O C E S S  ---------------

Threads class SMR info:
_java_thread_list=0x000002171279e820, length=49, elements={
0x000002177772c000, 0x000002177eb58000, 0x000002177eb59000, 0x000002177f3dc800,
0x000002177f3de800, 0x000002177f3df800, 0x000002177f3e3000, 0x000002177f3ec000,
0x000002177f3ed800, 0x000002177f557000, 0x000002170f661800, 0x000002170f460000,
0x000002170f7c5000, 0x000002170fc14800, 0x000002170fa7b000, 0x000002170f4a7000,
0x000002170f80d800, 0x000002170fa5c000, 0x000002170fe52800, 0x0000021710201000,
0x0000021710202000, 0x0000021710205000, 0x0000021710206000, 0x0000021710200800,
0x0000021710203800, 0x0000021710207000, 0x0000021710203000, 0x0000021710204800,
0x000002171050e800, 0x000002171050f800, 0x0000021710509800, 0x000002171050b800,
0x000002171050c000, 0x000002171050d000, 0x000002171050d800, 0x0000021710510000,
0x000002171050a800, 0x0000021710512800, 0x0000021710513800, 0x0000021710511000,
0x0000021710514000, 0x0000021710516000, 0x0000021710515000, 0x0000021710516800,
0x0000021710517800, 0x0000021710518800, 0x0000021712eda000, 0x0000021712edb800,
0x000002171219f000
}

Java Threads: ( => current thread )
  0x000002177772c000 JavaThread "main" [_thread_blocked, id=7040, stack(0x0000009cede00000,0x0000009cedf00000)]
  0x000002177eb58000 JavaThread "Reference Handler" daemon [_thread_blocked, id=13740, stack(0x0000009cee500000,0x0000009cee600000)]
  0x000002177eb59000 JavaThread "Finalizer" daemon [_thread_blocked, id=13924, stack(0x0000009cee600000,0x0000009cee700000)]
  0x000002177f3dc800 JavaThread "Signal Dispatcher" daemon [_thread_blocked, id=2000, stack(0x0000009cee700000,0x0000009cee800000)]
  0x000002177f3de800 JavaThread "Attach Listener" daemon [_thread_blocked, id=12912, stack(0x0000009cee800000,0x0000009cee900000)]
  0x000002177f3df800 JavaThread "Service Thread" daemon [_thread_blocked, id=11508, stack(0x0000009cee900000,0x0000009ceea00000)]
=>0x000002177f3e3000 JavaThread "C2 CompilerThread0" daemon [_thread_in_native, id=13376, stack(0x0000009ceea00000,0x0000009ceeb00000)]
  0x000002177f3ec000 JavaThread "C1 CompilerThread0" daemon [_thread_blocked, id=9668, stack(0x0000009ceeb00000,0x0000009ceec00000)]
  0x000002177f3ed800 JavaThread "Sweeper thread" daemon [_thread_blocked, id=9700, stack(0x0000009ceec00000,0x0000009ceed00000)]
  0x000002177f557000 JavaThread "Common-Cleaner" daemon [_thread_blocked, id=6220, stack(0x0000009ceed00000,0x0000009ceee00000)]
  0x000002170f661800 JavaThread "Daemon health stats" [_thread_blocked, id=14284, stack(0x0000009cef300000,0x0000009cef400000)]
  0x000002170f460000 JavaThread "Incoming local TCP Connector on port 52997" [_thread_in_native, id=10816, stack(0x0000009cef500000,0x0000009cef600000)]
  0x000002170f7c5000 JavaThread "Daemon periodic checks" [_thread_blocked, id=10080, stack(0x0000009cef700000,0x0000009cef800000)]
  0x000002170fc14800 JavaThread "Daemon" [_thread_blocked, id=10520, stack(0x0000009cef800000,0x0000009cef900000)]
  0x000002170fa7b000 JavaThread "Handler for socket connection from /127.0.0.1:52997 to /127.0.0.1:52998" [_thread_in_native, id=7068, stack(0x0000009cef900000,0x0000009cefa00000)]
  0x000002170f4a7000 JavaThread "Cancel handler" [_thread_blocked, id=11312, stack(0x0000009cefa00000,0x0000009cefb00000)]
  0x000002170f80d800 JavaThread "Daemon worker" [_thread_in_native, id=11984, stack(0x0000009cefb00000,0x0000009cefc00000)]
  0x000002170fa5c000 JavaThread "Asynchronous log dispatcher for DefaultDaemonConnection: socket connection from /127.0.0.1:52997 to /127.0.0.1:52998" [_thread_blocked, id=13716, stack(0x0000009cefc00000,0x0000009cefd00000)]
  0x000002170fe52800 JavaThread "Stdin handler" [_thread_blocked, id=3356, stack(0x0000009cefd00000,0x0000009cefe00000)]
  0x0000021710201000 JavaThread "Thread-8" [_thread_blocked, id=14212, stack(0x0000009cefe00000,0x0000009ceff00000)]
  0x0000021710202000 JavaThread "Cache worker for file hash cache (C:\Users\Administrator\.gradle\caches\6.7\fileHashes)" [_thread_blocked, id=12372, stack(0x0000009cef600000,0x0000009cef700000)]
  0x0000021710205000 JavaThread "File lock request listener" [_thread_in_native, id=13752, stack(0x0000009ceff00000,0x0000009cf0000000)]
  0x0000021710206000 JavaThread "Cache worker for journal cache (C:\Users\Administrator\.gradle\caches\journal-1)" [_thread_blocked, id=13548, stack(0x0000009cf0000000,0x0000009cf0100000)]
  0x0000021710200800 JavaThread "Cache worker for file hash cache (D:\workspace_idea\test\.gradle\6.7\fileHashes)" [_thread_blocked, id=1860, stack(0x0000009cf0100000,0x0000009cf0200000)]
  0x0000021710203800 JavaThread "jar transforms" [_thread_blocked, id=13380, stack(0x0000009cf0300000,0x0000009cf0400000)]
  0x0000021710207000 JavaThread "jar transforms Thread 2" [_thread_blocked, id=13204, stack(0x0000009cf0200000,0x0000009cf0300000)]
  0x0000021710203000 JavaThread "jar transforms Thread 3" [_thread_blocked, id=4052, stack(0x0000009cf0400000,0x0000009cf0500000)]
  0x0000021710204800 JavaThread "jar transforms Thread 4" [_thread_blocked, id=12616, stack(0x0000009cf0500000,0x0000009cf0600000)]
  0x000002171050e800 JavaThread "jar transforms Thread 5" [_thread_blocked, id=2236, stack(0x0000009cf0600000,0x0000009cf0700000)]
  0x000002171050f800 JavaThread "jar transforms Thread 6" [_thread_blocked, id=13784, stack(0x0000009cf0700000,0x0000009cf0800000)]
  0x0000021710509800 JavaThread "jar transforms Thread 7" [_thread_blocked, id=1256, stack(0x0000009cf0800000,0x0000009cf0900000)]
  0x000002171050b800 JavaThread "jar transforms Thread 8" [_thread_blocked, id=5976, stack(0x0000009cf0900000,0x0000009cf0a00000)]
  0x000002171050c000 JavaThread "jar transforms Thread 9" [_thread_blocked, id=11380, stack(0x0000009cf0a00000,0x0000009cf0b00000)]
  0x000002171050d000 JavaThread "jar transforms Thread 10" [_thread_blocked, id=5920, stack(0x0000009cf0b00000,0x0000009cf0c00000)]
  0x000002171050d800 JavaThread "jar transforms Thread 11" [_thread_blocked, id=13688, stack(0x0000009cf0c00000,0x0000009cf0d00000)]
  0x0000021710510000 JavaThread "jar transforms Thread 12" [_thread_blocked, id=128, stack(0x0000009cf0d00000,0x0000009cf0e00000)]
  0x000002171050a800 JavaThread "jar transforms Thread 13" [_thread_blocked, id=11972, stack(0x0000009cf0e00000,0x0000009cf0f00000)]
  0x0000021710512800 JavaThread "jar transforms Thread 14" [_thread_blocked, id=13104, stack(0x0000009cf0f00000,0x0000009cf1000000)]
  0x0000021710513800 JavaThread "jar transforms Thread 15" [_thread_blocked, id=5480, stack(0x0000009cf1000000,0x0000009cf1100000)]
  0x0000021710511000 JavaThread "jar transforms Thread 16" [_thread_blocked, id=5152, stack(0x0000009cf1100000,0x0000009cf1200000)]
  0x0000021710514000 JavaThread "jar transforms Thread 17" [_thread_blocked, id=13708, stack(0x0000009cf1200000,0x0000009cf1300000)]
  0x0000021710516000 JavaThread "jar transforms Thread 18" [_thread_blocked, id=3600, stack(0x0000009cf1300000,0x0000009cf1400000)]
  0x0000021710515000 JavaThread "jar transforms Thread 19" [_thread_blocked, id=13916, stack(0x0000009cf1400000,0x0000009cf1500000)]
  0x0000021710516800 JavaThread "jar transforms Thread 20" [_thread_blocked, id=3936, stack(0x0000009cf1500000,0x0000009cf1600000)]
  0x0000021710517800 JavaThread "Cache worker for checksums cache (D:\workspace_idea\test\.gradle\checksums)" [_thread_blocked, id=11612, stack(0x0000009cf1600000,0x0000009cf1700000)]
  0x0000021710518800 JavaThread "Cache worker for cache directory md-rule (C:\Users\Administrator\.gradle\caches\6.7\md-rule)" [_thread_blocked, id=8156, stack(0x0000009cf1800000,0x0000009cf1900000)]
  0x0000021712eda000 JavaThread "Cache worker for execution history cache (C:\Users\Administrator\.gradle\caches\6.7\executionHistory)" [_thread_blocked, id=10072, stack(0x0000009cf1a00000,0x0000009cf1b00000)]
  0x0000021712edb800 JavaThread "Cache worker for file content cache (C:\Users\Administrator\.gradle\caches\6.7\fileContent)" [_thread_blocked, id=2248, stack(0x0000009cf1b00000,0x0000009cf1c00000)]
  0x000002171219f000 JavaThread "C2 CompilerThread1" daemon [_thread_blocked, id=9264, stack(0x0000009cf1900000,0x0000009cf1a00000)]

Other Threads:
  0x000002177eb31800 VMThread "VM Thread" [stack: 0x0000009cee400000,0x0000009cee500000] [id=13680]
  0x000002177f55b800 WatcherThread [stack: 0x0000009ceee00000,0x0000009ceef00000] [id=6668]
  0x0000021777745000 GCTaskThread "GC Thread#0" [stack: 0x0000009cedf00000,0x0000009cee000000] [id=6736]
  0x000002177f844800 GCTaskThread "GC Thread#1" [stack: 0x0000009cef000000,0x0000009cef100000] [id=14240]
  0x000002177f840000 GCTaskThread "GC Thread#2" [stack: 0x0000009cef100000,0x0000009cef200000] [id=10116]
  0x000002177f841000 GCTaskThread "GC Thread#3" [stack: 0x0000009cef200000,0x0000009cef300000] [id=13756]
  0x0000021777756000 ConcurrentGCThread "G1 Main Marker" [stack: 0x0000009cee000000,0x0000009cee100000] [id=5752]
  0x0000021777758000 ConcurrentGCThread "G1 Conc#0" [stack: 0x0000009cee100000,0x0000009cee200000] [id=13904]
  0x000002177e9ca800 ConcurrentGCThread "G1 Refine#0" [stack: 0x0000009cee200000,0x0000009cee300000] [id=13276]
  0x000002177e9cb800 ConcurrentGCThread "G1 Young RemSet Sampling" [stack: 0x0000009cee300000,0x0000009cee400000] [id=12448]

Threads with active compile tasks:
C2 CompilerThread0  28770 4326       4       java.util.WeakHashMap$HashIterator::hasNext (95 bytes)

VM state:not at safepoint (normal execution)

VM Mutex/Monitor currently owned by a thread: None

OutOfMemory and StackOverflow Exception counts:
OutOfMemoryError java_heap_errors=1
LinkageErrors=103

Heap address: 0x00000000e0000000, size: 512 MB, Compressed Oops mode: 32-bit
Narrow klass base: 0x0000000000000000, Narrow klass shift: 3
Compressed class space size: 260046848 Address: 0x0000000100000000

Heap:
 garbage-first heap   total 262144K, used 187021K [0x00000000e0000000, 0x0000000100000000)
  region size 1024K, 137 young (140288K), 20 survivors (20480K)
 Metaspace       used 43895K, capacity 44916K, committed 45136K, reserved 294912K
  class space    used 5493K, capacity 5889K, committed 6016K, reserved 253952K
Heap Regions: E=young(eden), S=young(survivor), O=old, HS=humongous(starts), HC=humongous(continues), CS=collection set, F=free, A=archive, TAMS=top-at-mark-start (previous, next)
|   0|0x00000000e0000000, 0x00000000e0100000, 0x00000000e0100000|100%| O|  |TAMS 0x00000000e0100000, 0x00000000e0000000| Untracked 
|   1|0x00000000e0100000, 0x00000000e0200000, 0x00000000e0200000|100%| O|  |TAMS 0x00000000e0200000, 0x00000000e0100000| Untracked 
|   2|0x00000000e0200000, 0x00000000e0300000, 0x00000000e0300000|100%| O|  |TAMS 0x00000000e0300000, 0x00000000e0200000| Untracked 
|   3|0x00000000e0300000, 0x00000000e0400000, 0x00000000e0400000|100%|HS|  |TAMS 0x00000000e0400000, 0x00000000e0300000| Complete 
|   4|0x00000000e0400000, 0x00000000e0500000, 0x00000000e0500000|100%|HC|  |TAMS 0x00000000e0500000, 0x00000000e0400000| Complete 
|   5|0x00000000e0500000, 0x00000000e0600000, 0x00000000e0600000|100%|HC|  |TAMS 0x00000000e0600000, 0x00000000e0500000| Complete 
|   6|0x00000000e0600000, 0x00000000e0700000, 0x00000000e0700000|100%| O|  |TAMS 0x00000000e0700000, 0x00000000e0600000| Untracked 
|   7|0x00000000e0700000, 0x00000000e0800000, 0x00000000e0800000|100%| O|  |TAMS 0x00000000e0800000, 0x00000000e0700000| Untracked 
|   8|0x00000000e0800000, 0x00000000e0900000, 0x00000000e0900000|100%| O|  |TAMS 0x00000000e0900000, 0x00000000e0800000| Untracked 
|   9|0x00000000e0900000, 0x00000000e0a00000, 0x00000000e0a00000|100%| O|  |TAMS 0x00000000e0a00000, 0x00000000e0900000| Untracked 
|  10|0x00000000e0a00000, 0x00000000e0b00000, 0x00000000e0b00000|100%| O|  |TAMS 0x00000000e0b00000, 0x00000000e0a00000| Untracked 
|  11|0x00000000e0b00000, 0x00000000e0c00000, 0x00000000e0c00000|100%| O|  |TAMS 0x00000000e0c00000, 0x00000000e0b00000| Untracked 
|  12|0x00000000e0c00000, 0x00000000e0d00000, 0x00000000e0d00000|100%| O|  |TAMS 0x00000000e0d00000, 0x00000000e0c00000| Untracked 
|  13|0x00000000e0d00000, 0x00000000e0e00000, 0x00000000e0e00000|100%| O|  |TAMS 0x00000000e0d16c00, 0x00000000e0d00000| Untracked 
|  14|0x00000000e0e00000, 0x00000000e0f00000, 0x00000000e0f00000|100%|HS|  |TAMS 0x00000000e0f00000, 0x00000000e0e00000| Complete 
|  15|0x00000000e0f00000, 0x00000000e1000000, 0x00000000e1000000|100%|HC|  |TAMS 0x00000000e1000000, 0x00000000e0f00000| Complete 
|  16|0x00000000e1000000, 0x00000000e1100000, 0x00000000e1100000|100%|HS|  |TAMS 0x00000000e1100000, 0x00000000e1000000| Complete 
|  17|0x00000000e1100000, 0x00000000e1200000, 0x00000000e1200000|100%|HC|  |TAMS 0x00000000e1200000, 0x00000000e1100000| Complete 
|  18|0x00000000e1200000, 0x00000000e1300000, 0x00000000e1300000|100%|HC|  |TAMS 0x00000000e1300000, 0x00000000e1200000| Complete 
|  19|0x00000000e1300000, 0x00000000e1400000, 0x00000000e1400000|100%|HS|  |TAMS 0x00000000e1400000, 0x00000000e1300000| Complete 
|  20|0x00000000e1400000, 0x00000000e1500000, 0x00000000e1500000|100%|HC|  |TAMS 0x00000000e1500000, 0x00000000e1400000| Complete 
|  21|0x00000000e1500000, 0x00000000e1600000, 0x00000000e1600000|100%|HC|  |TAMS 0x00000000e1600000, 0x00000000e1500000| Complete 
|  22|0x00000000e1600000, 0x00000000e1700000, 0x00000000e1700000|100%|HC|  |TAMS 0x00000000e1700000, 0x00000000e1600000| Complete 
|  23|0x00000000e1700000, 0x00000000e1800000, 0x00000000e1800000|100%| O|  |TAMS 0x00000000e1700000, 0x00000000e1700000| Untracked 
|  24|0x00000000e1800000, 0x00000000e1900000, 0x00000000e1900000|100%| O|  |TAMS 0x00000000e1800000, 0x00000000e1800000| Untracked 
|  25|0x00000000e1900000, 0x00000000e1a00000, 0x00000000e1a00000|100%| O|  |TAMS 0x00000000e1900000, 0x00000000e1900000| Untracked 
|  26|0x00000000e1a00000, 0x00000000e1a00000, 0x00000000e1b00000|  0%| F|  |TAMS 0x00000000e1a00000, 0x00000000e1a00000| Untracked 
|  27|0x00000000e1b00000, 0x00000000e1b00000, 0x00000000e1c00000|  0%| F|  |TAMS 0x00000000e1b00000, 0x00000000e1b00000| Untracked 
|  28|0x00000000e1c00000, 0x00000000e1c00000, 0x00000000e1d00000|  0%| F|  |TAMS 0x00000000e1c00000, 0x00000000e1c00000| Untracked 
|  29|0x00000000e1d00000, 0x00000000e1d00000, 0x00000000e1e00000|  0%| F|  |TAMS 0x00000000e1d00000, 0x00000000e1d00000| Untracked 
|  30|0x00000000e1e00000, 0x00000000e1f00000, 0x00000000e1f00000|100%| O|  |TAMS 0x00000000e1e00000, 0x00000000e1e00000| Untracked 
|  31|0x00000000e1f00000, 0x00000000e2000000, 0x00000000e2000000|100%| O|  |TAMS 0x00000000e1f00000, 0x00000000e1f00000| Untracked 
|  32|0x00000000e2000000, 0x00000000e2100000, 0x00000000e2100000|100%| O|  |TAMS 0x00000000e2000000, 0x00000000e2000000| Untracked 
|  33|0x00000000e2100000, 0x00000000e2200000, 0x00000000e2200000|100%| O|  |TAMS 0x00000000e2100000, 0x00000000e2100000| Untracked 
|  34|0x00000000e2200000, 0x00000000e2300000, 0x00000000e2300000|100%| O|  |TAMS 0x00000000e2200000, 0x00000000e2200000| Untracked 
|  35|0x00000000e2300000, 0x00000000e2400000, 0x00000000e2400000|100%| O|  |TAMS 0x00000000e2300000, 0x00000000e2300000| Untracked 
|  36|0x00000000e2400000, 0x00000000e2500000, 0x00000000e2500000|100%| O|  |TAMS 0x00000000e2400000, 0x00000000e2400000| Untracked 
|  37|0x00000000e2500000, 0x00000000e2600000, 0x00000000e2600000|100%| O|  |TAMS 0x00000000e2500000, 0x00000000e2500000| Untracked 
|  38|0x00000000e2600000, 0x00000000e2700000, 0x00000000e2700000|100%| O|  |TAMS 0x00000000e2600000, 0x00000000e2600000| Untracked 
|  39|0x00000000e2700000, 0x00000000e2800000, 0x00000000e2800000|100%|HS|  |TAMS 0x00000000e2700000, 0x00000000e2700000| Complete 
|  40|0x00000000e2800000, 0x00000000e2900000, 0x00000000e2900000|100%|HC|  |TAMS 0x00000000e2800000, 0x00000000e2800000| Complete 
|  41|0x00000000e2900000, 0x00000000e2a00000, 0x00000000e2a00000|100%|HC|  |TAMS 0x00000000e2900000, 0x00000000e2900000| Complete 
|  42|0x00000000e2a00000, 0x00000000e2b00000, 0x00000000e2b00000|100%|HC|  |TAMS 0x00000000e2a00000, 0x00000000e2a00000| Complete 
|  43|0x00000000e2b00000, 0x00000000e2c00000, 0x00000000e2c00000|100%| O|  |TAMS 0x00000000e2b00000, 0x00000000e2b00000| Untracked 
|  44|0x00000000e2c00000, 0x00000000e2d00000, 0x00000000e2d00000|100%| O|  |TAMS 0x00000000e2c00000, 0x00000000e2c00000| Untracked 
|  45|0x00000000e2d00000, 0x00000000e2e00000, 0x00000000e2e00000|100%| O|  |TAMS 0x00000000e2d00000, 0x00000000e2d00000| Untracked 
|  46|0x00000000e2e00000, 0x00000000e2f00000, 0x00000000e2f00000|100%| O|  |TAMS 0x00000000e2e00000, 0x00000000e2e00000| Untracked 
|  47|0x00000000e2f00000, 0x00000000e3000000, 0x00000000e3000000|100%| O|  |TAMS 0x00000000e2f00000, 0x00000000e2f00000| Untracked 
|  48|0x00000000e3000000, 0x00000000e3100000, 0x00000000e3100000|100%| O|  |TAMS 0x00000000e3000000, 0x00000000e3000000| Untracked 
|  49|0x00000000e3100000, 0x00000000e3200000, 0x00000000e3200000|100%| O|  |TAMS 0x00000000e3100000, 0x00000000e3100000| Untracked 
|  50|0x00000000e3200000, 0x00000000e32a3400, 0x00000000e3300000| 63%| O|  |TAMS 0x00000000e3200000, 0x00000000e3200000| Untracked 
|  51|0x00000000e3300000, 0x00000000e3300000, 0x00000000e3400000|  0%| F|  |TAMS 0x00000000e3300000, 0x00000000e3300000| Untracked 
|  52|0x00000000e3400000, 0x00000000e3400000, 0x00000000e3500000|  0%| F|  |TAMS 0x00000000e3400000, 0x00000000e3400000| Untracked 
|  53|0x00000000e3500000, 0x00000000e3500000, 0x00000000e3600000|  0%| F|  |TAMS 0x00000000e3500000, 0x00000000e3500000| Untracked 
|  54|0x00000000e3600000, 0x00000000e3600000, 0x00000000e3700000|  0%| F|  |TAMS 0x00000000e3600000, 0x00000000e3600000| Untracked 
|  55|0x00000000e3700000, 0x00000000e3700000, 0x00000000e3800000|  0%| F|  |TAMS 0x00000000e3700000, 0x00000000e3700000| Untracked 
|  56|0x00000000e3800000, 0x00000000e3800000, 0x00000000e3900000|  0%| F|  |TAMS 0x00000000e3800000, 0x00000000e3800000| Untracked 
|  57|0x00000000e3900000, 0x00000000e3900000, 0x00000000e3a00000|  0%| F|  |TAMS 0x00000000e3900000, 0x00000000e3900000| Untracked 
|  58|0x00000000e3a00000, 0x00000000e3a00000, 0x00000000e3b00000|  0%| F|  |TAMS 0x00000000e3a00000, 0x00000000e3a00000| Untracked 
|  59|0x00000000e3b00000, 0x00000000e3b00000, 0x00000000e3c00000|  0%| F|  |TAMS 0x00000000e3b00000, 0x00000000e3b00000| Untracked 
|  60|0x00000000e3c00000, 0x00000000e3c00000, 0x00000000e3d00000|  0%| F|  |TAMS 0x00000000e3c00000, 0x00000000e3c00000| Untracked 
|  61|0x00000000e3d00000, 0x00000000e3d00000, 0x00000000e3e00000|  0%| F|  |TAMS 0x00000000e3d00000, 0x00000000e3d00000| Untracked 
|  62|0x00000000e3e00000, 0x00000000e3e00000, 0x00000000e3f00000|  0%| F|  |TAMS 0x00000000e3e00000, 0x00000000e3e00000| Untracked 
|  63|0x00000000e3f00000, 0x00000000e3f00000, 0x00000000e4000000|  0%| F|  |TAMS 0x00000000e3f00000, 0x00000000e3f00000| Untracked 
|  64|0x00000000e4000000, 0x00000000e4000000, 0x00000000e4100000|  0%| F|  |TAMS 0x00000000e4000000, 0x00000000e4000000| Untracked 
|  65|0x00000000e4100000, 0x00000000e4100000, 0x00000000e4200000|  0%| F|  |TAMS 0x00000000e4100000, 0x00000000e4100000| Untracked 
|  66|0x00000000e4200000, 0x00000000e4200000, 0x00000000e4300000|  0%| F|  |TAMS 0x00000000e4200000, 0x00000000e4200000| Untracked 
|  67|0x00000000e4300000, 0x00000000e4300000, 0x00000000e4400000|  0%| F|  |TAMS 0x00000000e4300000, 0x00000000e4300000| Untracked 
|  68|0x00000000e4400000, 0x00000000e4400000, 0x00000000e4500000|  0%| F|  |TAMS 0x00000000e4400000, 0x00000000e4400000| Untracked 
|  69|0x00000000e4500000, 0x00000000e4500000, 0x00000000e4600000|  0%| F|  |TAMS 0x00000000e4500000, 0x00000000e4500000| Untracked 
|  70|0x00000000e4600000, 0x00000000e4600000, 0x00000000e4700000|  0%| F|  |TAMS 0x00000000e4600000, 0x00000000e4600000| Untracked 
|  71|0x00000000e4700000, 0x00000000e4700000, 0x00000000e4800000|  0%| F|  |TAMS 0x00000000e4700000, 0x00000000e4700000| Untracked 
|  72|0x00000000e4800000, 0x00000000e4800000, 0x00000000e4900000|  0%| F|  |TAMS 0x00000000e4800000, 0x00000000e4800000| Untracked 
|  73|0x00000000e4900000, 0x00000000e4900000, 0x00000000e4a00000|  0%| F|  |TAMS 0x00000000e4900000, 0x00000000e4900000| Untracked 
|  74|0x00000000e4a00000, 0x00000000e4a00000, 0x00000000e4b00000|  0%| F|  |TAMS 0x00000000e4a00000, 0x00000000e4a00000| Untracked 
|  75|0x00000000e4b00000, 0x00000000e4b00000, 0x00000000e4c00000|  0%| F|  |TAMS 0x00000000e4b00000, 0x00000000e4b00000| Untracked 
|  76|0x00000000e4c00000, 0x00000000e4c00000, 0x00000000e4d00000|  0%| F|  |TAMS 0x00000000e4c00000, 0x00000000e4c00000| Untracked 
|  77|0x00000000e4d00000, 0x00000000e4d00000, 0x00000000e4e00000|  0%| F|  |TAMS 0x00000000e4d00000, 0x00000000e4d00000| Untracked 
|  78|0x00000000e4e00000, 0x00000000e4e00000, 0x00000000e4f00000|  0%| F|  |TAMS 0x00000000e4e00000, 0x00000000e4e00000| Untracked 
|  79|0x00000000e4f00000, 0x00000000e4f00000, 0x00000000e5000000|  0%| F|  |TAMS 0x00000000e4f00000, 0x00000000e4f00000| Untracked 
|  80|0x00000000e5000000, 0x00000000e5000000, 0x00000000e5100000|  0%| F|  |TAMS 0x00000000e5000000, 0x00000000e5000000| Untracked 
|  81|0x00000000e5100000, 0x00000000e5100000, 0x00000000e5200000|  0%| F|  |TAMS 0x00000000e5100000, 0x00000000e5100000| Untracked 
|  82|0x00000000e5200000, 0x00000000e5200000, 0x00000000e5300000|  0%| F|  |TAMS 0x00000000e5200000, 0x00000000e5200000| Untracked 
|  83|0x00000000e5300000, 0x00000000e5400000, 0x00000000e5400000|100%| S|CS|TAMS 0x00000000e5300000, 0x00000000e5300000| Complete 
|  84|0x00000000e5400000, 0x00000000e5500000, 0x00000000e5500000|100%| S|CS|TAMS 0x00000000e5400000, 0x00000000e5400000| Complete 
|  85|0x00000000e5500000, 0x00000000e5600000, 0x00000000e5600000|100%| S|CS|TAMS 0x00000000e5500000, 0x00000000e5500000| Complete 
|  86|0x00000000e5600000, 0x00000000e5700000, 0x00000000e5700000|100%| S|CS|TAMS 0x00000000e5600000, 0x00000000e5600000| Complete 
|  87|0x00000000e5700000, 0x00000000e5800000, 0x00000000e5800000|100%| S|CS|TAMS 0x00000000e5700000, 0x00000000e5700000| Complete 
|  88|0x00000000e5800000, 0x00000000e5900000, 0x00000000e5900000|100%| S|CS|TAMS 0x00000000e5800000, 0x00000000e5800000| Complete 
|  89|0x00000000e5900000, 0x00000000e5a00000, 0x00000000e5a00000|100%| S|CS|TAMS 0x00000000e5900000, 0x00000000e5900000| Complete 
|  90|0x00000000e5a00000, 0x00000000e5b00000, 0x00000000e5b00000|100%| S|CS|TAMS 0x00000000e5a00000, 0x00000000e5a00000| Complete 
|  91|0x00000000e5b00000, 0x00000000e5c00000, 0x00000000e5c00000|100%| S|CS|TAMS 0x00000000e5b00000, 0x00000000e5b00000| Complete 
|  92|0x00000000e5c00000, 0x00000000e5d00000, 0x00000000e5d00000|100%| S|CS|TAMS 0x00000000e5c00000, 0x00000000e5c00000| Complete 
|  93|0x00000000e5d00000, 0x00000000e5e00000, 0x00000000e5e00000|100%| S|CS|TAMS 0x00000000e5d00000, 0x00000000e5d00000| Complete 
|  94|0x00000000e5e00000, 0x00000000e5e00000, 0x00000000e5f00000|  0%| F|  |TAMS 0x00000000e5e00000, 0x00000000e5e00000| Untracked 
|  95|0x00000000e5f00000, 0x00000000e5f00000, 0x00000000e6000000|  0%| F|  |TAMS 0x00000000e5f00000, 0x00000000e5f00000| Untracked 
|  96|0x00000000e6000000, 0x00000000e6000000, 0x00000000e6100000|  0%| F|  |TAMS 0x00000000e6000000, 0x00000000e6000000| Untracked 
|  97|0x00000000e6100000, 0x00000000e6100000, 0x00000000e6200000|  0%| F|  |TAMS 0x00000000e6100000, 0x00000000e6100000| Untracked 
|  98|0x00000000e6200000, 0x00000000e6200000, 0x00000000e6300000|  0%| F|  |TAMS 0x00000000e6200000, 0x00000000e6200000| Untracked 
|  99|0x00000000e6300000, 0x00000000e6300000, 0x00000000e6400000|  0%| F|  |TAMS 0x00000000e6300000, 0x00000000e6300000| Untracked 
| 100|0x00000000e6400000, 0x00000000e6400000, 0x00000000e6500000|  0%| F|  |TAMS 0x00000000e6400000, 0x00000000e6400000| Untracked 
| 101|0x00000000e6500000, 0x00000000e6500000, 0x00000000e6600000|  0%| F|  |TAMS 0x00000000e6500000, 0x00000000e6500000| Untracked 
| 102|0x00000000e6600000, 0x00000000e6600000, 0x00000000e6700000|  0%| F|  |TAMS 0x00000000e6600000, 0x00000000e6600000| Untracked 
| 103|0x00000000e6700000, 0x00000000e6700000, 0x00000000e6800000|  0%| F|  |TAMS 0x00000000e6700000, 0x00000000e6700000| Untracked 
| 104|0x00000000e6800000, 0x00000000e6900000, 0x00000000e6900000|100%| S|CS|TAMS 0x00000000e6800000, 0x00000000e6800000| Complete 
| 105|0x00000000e6900000, 0x00000000e6a00000, 0x00000000e6a00000|100%| S|CS|TAMS 0x00000000e6900000, 0x00000000e6900000| Complete 
| 106|0x00000000e6a00000, 0x00000000e6b00000, 0x00000000e6b00000|100%| S|CS|TAMS 0x00000000e6a00000, 0x00000000e6a00000| Complete 
| 107|0x00000000e6b00000, 0x00000000e6c00000, 0x00000000e6c00000|100%| S|CS|TAMS 0x00000000e6b00000, 0x00000000e6b00000| Complete 
| 108|0x00000000e6c00000, 0x00000000e6d00000, 0x00000000e6d00000|100%| S|CS|TAMS 0x00000000e6c00000, 0x00000000e6c00000| Complete 
| 109|0x00000000e6d00000, 0x00000000e6e00000, 0x00000000e6e00000|100%| S|CS|TAMS 0x00000000e6d00000, 0x00000000e6d00000| Complete 
| 110|0x00000000e6e00000, 0x00000000e6f00000, 0x00000000e6f00000|100%| S|CS|TAMS 0x00000000e6e00000, 0x00000000e6e00000| Complete 
| 111|0x00000000e6f00000, 0x00000000e7000000, 0x00000000e7000000|100%| S|CS|TAMS 0x00000000e6f00000, 0x00000000e6f00000| Complete 
| 112|0x00000000e7000000, 0x00000000e7100000, 0x00000000e7100000|100%| S|CS|TAMS 0x00000000e7000000, 0x00000000e7000000| Complete 
| 113|0x00000000e7100000, 0x00000000e7100000, 0x00000000e7200000|  0%| F|  |TAMS 0x00000000e7100000, 0x00000000e7100000| Untracked 
| 114|0x00000000e7200000, 0x00000000e7200000, 0x00000000e7300000|  0%| F|  |TAMS 0x00000000e7200000, 0x00000000e7200000| Untracked 
| 115|0x00000000e7300000, 0x00000000e7300000, 0x00000000e7400000|  0%| F|  |TAMS 0x00000000e7300000, 0x00000000e7300000| Untracked 
| 116|0x00000000e7400000, 0x00000000e7400000, 0x00000000e7500000|  0%| F|  |TAMS 0x00000000e7400000, 0x00000000e7400000| Untracked 
| 117|0x00000000e7500000, 0x00000000e7500000, 0x00000000e7600000|  0%| F|  |TAMS 0x00000000e7500000, 0x00000000e7500000| Untracked 
| 118|0x00000000e7600000, 0x00000000e7600000, 0x00000000e7700000|  0%| F|  |TAMS 0x00000000e7600000, 0x00000000e7600000| Untracked 
| 119|0x00000000e7700000, 0x00000000e7700000, 0x00000000e7800000|  0%| F|  |TAMS 0x00000000e7700000, 0x00000000e7700000| Untracked 
| 120|0x00000000e7800000, 0x00000000e7800000, 0x00000000e7900000|  0%| F|  |TAMS 0x00000000e7800000, 0x00000000e7800000| Untracked 
| 121|0x00000000e7900000, 0x00000000e7900000, 0x00000000e7a00000|  0%| F|  |TAMS 0x00000000e7900000, 0x00000000e7900000| Untracked 
| 122|0x00000000e7a00000, 0x00000000e7a00000, 0x00000000e7b00000|  0%| F|  |TAMS 0x00000000e7a00000, 0x00000000e7a00000| Untracked 
| 123|0x00000000e7b00000, 0x00000000e7b00000, 0x00000000e7c00000|  0%| F|  |TAMS 0x00000000e7b00000, 0x00000000e7b00000| Untracked 
| 124|0x00000000e7c00000, 0x00000000e7c00000, 0x00000000e7d00000|  0%| F|  |TAMS 0x00000000e7c00000, 0x00000000e7c00000| Untracked 
| 125|0x00000000e7d00000, 0x00000000e7d00000, 0x00000000e7e00000|  0%| F|  |TAMS 0x00000000e7d00000, 0x00000000e7d00000| Untracked 
| 126|0x00000000e7e00000, 0x00000000e7e00000, 0x00000000e7f00000|  0%| F|  |TAMS 0x00000000e7e00000, 0x00000000e7e00000| Untracked 
| 127|0x00000000e7f00000, 0x00000000e7f00000, 0x00000000e8000000|  0%| F|  |TAMS 0x00000000e7f00000, 0x00000000e7f00000| Untracked 
| 128|0x00000000e8000000, 0x00000000e8000000, 0x00000000e8100000|  0%| F|  |TAMS 0x00000000e8000000, 0x00000000e8000000| Untracked 
| 129|0x00000000e8100000, 0x00000000e8100000, 0x00000000e8200000|  0%| F|  |TAMS 0x00000000e8100000, 0x00000000e8100000| Untracked 
| 130|0x00000000e8200000, 0x00000000e8200000, 0x00000000e8300000|  0%| F|  |TAMS 0x00000000e8200000, 0x00000000e8200000| Untracked 
| 131|0x00000000e8300000, 0x00000000e8300000, 0x00000000e8400000|  0%| F|  |TAMS 0x00000000e8300000, 0x00000000e8300000| Untracked 
| 132|0x00000000e8400000, 0x00000000e8400000, 0x00000000e8500000|  0%| F|  |TAMS 0x00000000e8400000, 0x00000000e8400000| Untracked 
| 133|0x00000000e8500000, 0x00000000e8500000, 0x00000000e8600000|  0%| F|  |TAMS 0x00000000e8500000, 0x00000000e8500000| Untracked 
| 134|0x00000000e8600000, 0x00000000e8600000, 0x00000000e8700000|  0%| F|  |TAMS 0x00000000e8600000, 0x00000000e8600000| Untracked 
| 135|0x00000000e8700000, 0x00000000e8700000, 0x00000000e8800000|  0%| F|  |TAMS 0x00000000e8700000, 0x00000000e8700000| Untracked 
| 136|0x00000000e8800000, 0x00000000e8800000, 0x00000000e8900000|  0%| F|  |TAMS 0x00000000e8800000, 0x00000000e8800000| Untracked 
| 137|0x00000000e8900000, 0x00000000e8900000, 0x00000000e8a00000|  0%| F|  |TAMS 0x00000000e8900000, 0x00000000e8900000| Untracked 
| 138|0x00000000e8a00000, 0x00000000e8a00000, 0x00000000e8b00000|  0%| F|  |TAMS 0x00000000e8a00000, 0x00000000e8a00000| Untracked 
| 139|0x00000000e8b00000, 0x00000000e8b00800, 0x00000000e8c00000|  0%| E|  |TAMS 0x00000000e8b00000, 0x00000000e8b00000| Complete 
| 140|0x00000000e8c00000, 0x00000000e8d00000, 0x00000000e8d00000|100%| E|CS|TAMS 0x00000000e8c00000, 0x00000000e8c00000| Complete 
| 141|0x00000000e8d00000, 0x00000000e8e00000, 0x00000000e8e00000|100%| E|CS|TAMS 0x00000000e8d00000, 0x00000000e8d00000| Complete 
| 142|0x00000000e8e00000, 0x00000000e8f00000, 0x00000000e8f00000|100%| E|CS|TAMS 0x00000000e8e00000, 0x00000000e8e00000| Complete 
| 143|0x00000000e8f00000, 0x00000000e9000000, 0x00000000e9000000|100%| E|CS|TAMS 0x00000000e8f00000, 0x00000000e8f00000| Complete 
| 144|0x00000000e9000000, 0x00000000e9100000, 0x00000000e9100000|100%| E|CS|TAMS 0x00000000e9000000, 0x00000000e9000000| Complete 
| 145|0x00000000e9100000, 0x00000000e9200000, 0x00000000e9200000|100%| E|CS|TAMS 0x00000000e9100000, 0x00000000e9100000| Complete 
| 146|0x00000000e9200000, 0x00000000e9300000, 0x00000000e9300000|100%| E|CS|TAMS 0x00000000e9200000, 0x00000000e9200000| Complete 
| 147|0x00000000e9300000, 0x00000000e9400000, 0x00000000e9400000|100%| E|CS|TAMS 0x00000000e9300000, 0x00000000e9300000| Complete 
| 148|0x00000000e9400000, 0x00000000e9500000, 0x00000000e9500000|100%| E|CS|TAMS 0x00000000e9400000, 0x00000000e9400000| Complete 
| 149|0x00000000e9500000, 0x00000000e9600000, 0x00000000e9600000|100%| E|CS|TAMS 0x00000000e9500000, 0x00000000e9500000| Complete 
| 150|0x00000000e9600000, 0x00000000e9700000, 0x00000000e9700000|100%| E|CS|TAMS 0x00000000e9600000, 0x00000000e9600000| Complete 
| 151|0x00000000e9700000, 0x00000000e9800000, 0x00000000e9800000|100%| E|CS|TAMS 0x00000000e9700000, 0x00000000e9700000| Complete 
| 152|0x00000000e9800000, 0x00000000e9900000, 0x00000000e9900000|100%| E|CS|TAMS 0x00000000e9800000, 0x00000000e9800000| Complete 
| 153|0x00000000e9900000, 0x00000000e9a00000, 0x00000000e9a00000|100%| E|CS|TAMS 0x00000000e9900000, 0x00000000e9900000| Complete 
| 154|0x00000000e9a00000, 0x00000000e9b00000, 0x00000000e9b00000|100%| E|CS|TAMS 0x00000000e9a00000, 0x00000000e9a00000| Complete 
| 155|0x00000000e9b00000, 0x00000000e9c00000, 0x00000000e9c00000|100%| E|CS|TAMS 0x00000000e9b00000, 0x00000000e9b00000| Complete 
| 156|0x00000000e9c00000, 0x00000000e9d00000, 0x00000000e9d00000|100%| E|CS|TAMS 0x00000000e9c00000, 0x00000000e9c00000| Complete 
| 157|0x00000000e9d00000, 0x00000000e9e00000, 0x00000000e9e00000|100%| E|CS|TAMS 0x00000000e9d00000, 0x00000000e9d00000| Complete 
| 158|0x00000000e9e00000, 0x00000000e9f00000, 0x00000000e9f00000|100%| E|CS|TAMS 0x00000000e9e00000, 0x00000000e9e00000| Complete 
| 159|0x00000000e9f00000, 0x00000000ea000000, 0x00000000ea000000|100%| E|CS|TAMS 0x00000000e9f00000, 0x00000000e9f00000| Complete 
| 160|0x00000000ea000000, 0x00000000ea100000, 0x00000000ea100000|100%| E|CS|TAMS 0x00000000ea000000, 0x00000000ea000000| Complete 
| 161|0x00000000ea100000, 0x00000000ea200000, 0x00000000ea200000|100%| E|CS|TAMS 0x00000000ea100000, 0x00000000ea100000| Complete 
| 162|0x00000000ea200000, 0x00000000ea300000, 0x00000000ea300000|100%| E|CS|TAMS 0x00000000ea200000, 0x00000000ea200000| Complete 
| 163|0x00000000ea300000, 0x00000000ea400000, 0x00000000ea400000|100%| E|CS|TAMS 0x00000000ea300000, 0x00000000ea300000| Complete 
| 164|0x00000000ea400000, 0x00000000ea500000, 0x00000000ea500000|100%| E|CS|TAMS 0x00000000ea400000, 0x00000000ea400000| Complete 
| 165|0x00000000ea500000, 0x00000000ea600000, 0x00000000ea600000|100%| E|CS|TAMS 0x00000000ea500000, 0x00000000ea500000| Complete 
| 166|0x00000000ea600000, 0x00000000ea700000, 0x00000000ea700000|100%| E|CS|TAMS 0x00000000ea600000, 0x00000000ea600000| Complete 
| 167|0x00000000ea700000, 0x00000000ea800000, 0x00000000ea800000|100%| E|CS|TAMS 0x00000000ea700000, 0x00000000ea700000| Complete 
| 168|0x00000000ea800000, 0x00000000ea900000, 0x00000000ea900000|100%| E|CS|TAMS 0x00000000ea800000, 0x00000000ea800000| Complete 
| 169|0x00000000ea900000, 0x00000000eaa00000, 0x00000000eaa00000|100%| E|CS|TAMS 0x00000000ea900000, 0x00000000ea900000| Complete 
| 170|0x00000000eaa00000, 0x00000000eab00000, 0x00000000eab00000|100%| E|CS|TAMS 0x00000000eaa00000, 0x00000000eaa00000| Complete 
| 171|0x00000000eab00000, 0x00000000eac00000, 0x00000000eac00000|100%| E|CS|TAMS 0x00000000eab00000, 0x00000000eab00000| Complete 
| 172|0x00000000eac00000, 0x00000000ead00000, 0x00000000ead00000|100%| E|CS|TAMS 0x00000000eac00000, 0x00000000eac00000| Complete 
| 173|0x00000000ead00000, 0x00000000eae00000, 0x00000000eae00000|100%| E|CS|TAMS 0x00000000ead00000, 0x00000000ead00000| Complete 
| 174|0x00000000eae00000, 0x00000000eaf00000, 0x00000000eaf00000|100%| E|CS|TAMS 0x00000000eae00000, 0x00000000eae00000| Complete 
| 175|0x00000000eaf00000, 0x00000000eb000000, 0x00000000eb000000|100%| E|CS|TAMS 0x00000000eaf00000, 0x00000000eaf00000| Complete 
| 176|0x00000000eb000000, 0x00000000eb100000, 0x00000000eb100000|100%| E|CS|TAMS 0x00000000eb000000, 0x00000000eb000000| Complete 
| 177|0x00000000eb100000, 0x00000000eb200000, 0x00000000eb200000|100%| E|CS|TAMS 0x00000000eb100000, 0x00000000eb100000| Complete 
| 178|0x00000000eb200000, 0x00000000eb300000, 0x00000000eb300000|100%| E|CS|TAMS 0x00000000eb200000, 0x00000000eb200000| Complete 
| 179|0x00000000eb300000, 0x00000000eb400000, 0x00000000eb400000|100%| E|CS|TAMS 0x00000000eb300000, 0x00000000eb300000| Complete 
| 180|0x00000000eb400000, 0x00000000eb500000, 0x00000000eb500000|100%| E|CS|TAMS 0x00000000eb400000, 0x00000000eb400000| Complete 
| 181|0x00000000eb500000, 0x00000000eb600000, 0x00000000eb600000|100%| E|CS|TAMS 0x00000000eb500000, 0x00000000eb500000| Complete 
| 182|0x00000000eb600000, 0x00000000eb700000, 0x00000000eb700000|100%| E|CS|TAMS 0x00000000eb600000, 0x00000000eb600000| Complete 
| 183|0x00000000eb700000, 0x00000000eb800000, 0x00000000eb800000|100%| E|CS|TAMS 0x00000000eb700000, 0x00000000eb700000| Complete 
| 184|0x00000000eb800000, 0x00000000eb900000, 0x00000000eb900000|100%| E|CS|TAMS 0x00000000eb800000, 0x00000000eb800000| Complete 
| 185|0x00000000eb900000, 0x00000000eba00000, 0x00000000eba00000|100%| E|CS|TAMS 0x00000000eb900000, 0x00000000eb900000| Complete 
| 186|0x00000000eba00000, 0x00000000ebb00000, 0x00000000ebb00000|100%| E|CS|TAMS 0x00000000eba00000, 0x00000000eba00000| Complete 
| 187|0x00000000ebb00000, 0x00000000ebc00000, 0x00000000ebc00000|100%| E|CS|TAMS 0x00000000ebb00000, 0x00000000ebb00000| Complete 
| 188|0x00000000ebc00000, 0x00000000ebd00000, 0x00000000ebd00000|100%| E|CS|TAMS 0x00000000ebc00000, 0x00000000ebc00000| Complete 
| 189|0x00000000ebd00000, 0x00000000ebe00000, 0x00000000ebe00000|100%| E|CS|TAMS 0x00000000ebd00000, 0x00000000ebd00000| Complete 
| 190|0x00000000ebe00000, 0x00000000ebf00000, 0x00000000ebf00000|100%| E|CS|TAMS 0x00000000ebe00000, 0x00000000ebe00000| Complete 
| 191|0x00000000ebf00000, 0x00000000ec000000, 0x00000000ec000000|100%| E|CS|TAMS 0x00000000ebf00000, 0x00000000ebf00000| Complete 
| 192|0x00000000ec000000, 0x00000000ec100000, 0x00000000ec100000|100%| E|CS|TAMS 0x00000000ec000000, 0x00000000ec000000| Complete 
| 193|0x00000000ec100000, 0x00000000ec200000, 0x00000000ec200000|100%| E|CS|TAMS 0x00000000ec100000, 0x00000000ec100000| Complete 
| 194|0x00000000ec200000, 0x00000000ec300000, 0x00000000ec300000|100%| E|CS|TAMS 0x00000000ec200000, 0x00000000ec200000| Complete 
| 195|0x00000000ec300000, 0x00000000ec400000, 0x00000000ec400000|100%| E|CS|TAMS 0x00000000ec300000, 0x00000000ec300000| Complete 
| 196|0x00000000ec400000, 0x00000000ec500000, 0x00000000ec500000|100%| E|CS|TAMS 0x00000000ec400000, 0x00000000ec400000| Complete 
| 197|0x00000000ec500000, 0x00000000ec600000, 0x00000000ec600000|100%| E|CS|TAMS 0x00000000ec500000, 0x00000000ec500000| Complete 
| 198|0x00000000ec600000, 0x00000000ec700000, 0x00000000ec700000|100%| E|CS|TAMS 0x00000000ec600000, 0x00000000ec600000| Complete 
| 199|0x00000000ec700000, 0x00000000ec800000, 0x00000000ec800000|100%| E|CS|TAMS 0x00000000ec700000, 0x00000000ec700000| Complete 
| 200|0x00000000ec800000, 0x00000000ec900000, 0x00000000ec900000|100%| E|CS|TAMS 0x00000000ec800000, 0x00000000ec800000| Complete 
| 201|0x00000000ec900000, 0x00000000eca00000, 0x00000000eca00000|100%| E|CS|TAMS 0x00000000ec900000, 0x00000000ec900000| Complete 
| 202|0x00000000eca00000, 0x00000000ecb00000, 0x00000000ecb00000|100%| E|CS|TAMS 0x00000000eca00000, 0x00000000eca00000| Complete 
| 203|0x00000000ecb00000, 0x00000000ecc00000, 0x00000000ecc00000|100%| E|CS|TAMS 0x00000000ecb00000, 0x00000000ecb00000| Complete 
| 204|0x00000000ecc00000, 0x00000000ecd00000, 0x00000000ecd00000|100%| E|CS|TAMS 0x00000000ecc00000, 0x00000000ecc00000| Complete 
| 205|0x00000000ecd00000, 0x00000000ece00000, 0x00000000ece00000|100%| E|CS|TAMS 0x00000000ecd00000, 0x00000000ecd00000| Complete 
| 206|0x00000000ece00000, 0x00000000ecf00000, 0x00000000ecf00000|100%| E|CS|TAMS 0x00000000ece00000, 0x00000000ece00000| Complete 
| 207|0x00000000ecf00000, 0x00000000ed000000, 0x00000000ed000000|100%| E|CS|TAMS 0x00000000ecf00000, 0x00000000ecf00000| Complete 
| 208|0x00000000ed000000, 0x00000000ed100000, 0x00000000ed100000|100%| E|CS|TAMS 0x00000000ed000000, 0x00000000ed000000| Complete 
| 209|0x00000000ed100000, 0x00000000ed200000, 0x00000000ed200000|100%| E|CS|TAMS 0x00000000ed100000, 0x00000000ed100000| Complete 
| 210|0x00000000ed200000, 0x00000000ed300000, 0x00000000ed300000|100%| E|CS|TAMS 0x00000000ed200000, 0x00000000ed200000| Complete 
| 211|0x00000000ed300000, 0x00000000ed400000, 0x00000000ed400000|100%| E|CS|TAMS 0x00000000ed300000, 0x00000000ed300000| Complete 
| 212|0x00000000ed400000, 0x00000000ed500000, 0x00000000ed500000|100%| E|CS|TAMS 0x00000000ed400000, 0x00000000ed400000| Complete 
| 213|0x00000000ed500000, 0x00000000ed600000, 0x00000000ed600000|100%| E|CS|TAMS 0x00000000ed500000, 0x00000000ed500000| Complete 
| 214|0x00000000ed600000, 0x00000000ed700000, 0x00000000ed700000|100%| E|CS|TAMS 0x00000000ed600000, 0x00000000ed600000| Complete 
| 215|0x00000000ed700000, 0x00000000ed800000, 0x00000000ed800000|100%| E|CS|TAMS 0x00000000ed700000, 0x00000000ed700000| Complete 
| 216|0x00000000ed800000, 0x00000000ed900000, 0x00000000ed900000|100%| E|CS|TAMS 0x00000000ed800000, 0x00000000ed800000| Complete 
| 217|0x00000000ed900000, 0x00000000eda00000, 0x00000000eda00000|100%| E|CS|TAMS 0x00000000ed900000, 0x00000000ed900000| Complete 
| 218|0x00000000eda00000, 0x00000000edb00000, 0x00000000edb00000|100%| E|CS|TAMS 0x00000000eda00000, 0x00000000eda00000| Complete 
| 219|0x00000000edb00000, 0x00000000edc00000, 0x00000000edc00000|100%| E|CS|TAMS 0x00000000edb00000, 0x00000000edb00000| Complete 
| 220|0x00000000edc00000, 0x00000000edd00000, 0x00000000edd00000|100%| E|CS|TAMS 0x00000000edc00000, 0x00000000edc00000| Complete 
| 221|0x00000000edd00000, 0x00000000ede00000, 0x00000000ede00000|100%| E|CS|TAMS 0x00000000edd00000, 0x00000000edd00000| Complete 
| 222|0x00000000ede00000, 0x00000000edf00000, 0x00000000edf00000|100%| E|CS|TAMS 0x00000000ede00000, 0x00000000ede00000| Complete 
| 223|0x00000000edf00000, 0x00000000ee000000, 0x00000000ee000000|100%| E|CS|TAMS 0x00000000edf00000, 0x00000000edf00000| Complete 
| 224|0x00000000ee000000, 0x00000000ee100000, 0x00000000ee100000|100%| E|CS|TAMS 0x00000000ee000000, 0x00000000ee000000| Complete 
| 225|0x00000000ee100000, 0x00000000ee200000, 0x00000000ee200000|100%| E|CS|TAMS 0x00000000ee100000, 0x00000000ee100000| Complete 
| 226|0x00000000ee200000, 0x00000000ee300000, 0x00000000ee300000|100%| E|CS|TAMS 0x00000000ee200000, 0x00000000ee200000| Complete 
| 227|0x00000000ee300000, 0x00000000ee400000, 0x00000000ee400000|100%| E|CS|TAMS 0x00000000ee300000, 0x00000000ee300000| Complete 
| 228|0x00000000ee400000, 0x00000000ee500000, 0x00000000ee500000|100%| E|CS|TAMS 0x00000000ee400000, 0x00000000ee400000| Complete 
| 229|0x00000000ee500000, 0x00000000ee600000, 0x00000000ee600000|100%| E|CS|TAMS 0x00000000ee500000, 0x00000000ee500000| Complete 
| 230|0x00000000ee600000, 0x00000000ee700000, 0x00000000ee700000|100%| E|CS|TAMS 0x00000000ee600000, 0x00000000ee600000| Complete 
| 231|0x00000000ee700000, 0x00000000ee800000, 0x00000000ee800000|100%| E|CS|TAMS 0x00000000ee700000, 0x00000000ee700000| Complete 
| 232|0x00000000ee800000, 0x00000000ee900000, 0x00000000ee900000|100%| E|CS|TAMS 0x00000000ee800000, 0x00000000ee800000| Complete 
| 233|0x00000000ee900000, 0x00000000eea00000, 0x00000000eea00000|100%| E|CS|TAMS 0x00000000ee900000, 0x00000000ee900000| Complete 
| 234|0x00000000eea00000, 0x00000000eeb00000, 0x00000000eeb00000|100%| E|CS|TAMS 0x00000000eea00000, 0x00000000eea00000| Complete 
| 235|0x00000000eeb00000, 0x00000000eec00000, 0x00000000eec00000|100%| E|CS|TAMS 0x00000000eeb00000, 0x00000000eeb00000| Complete 
| 236|0x00000000eec00000, 0x00000000eed00000, 0x00000000eed00000|100%| E|CS|TAMS 0x00000000eec00000, 0x00000000eec00000| Complete 
| 237|0x00000000eed00000, 0x00000000eee00000, 0x00000000eee00000|100%| E|CS|TAMS 0x00000000eed00000, 0x00000000eed00000| Complete 
| 238|0x00000000eee00000, 0x00000000eef00000, 0x00000000eef00000|100%| E|CS|TAMS 0x00000000eee00000, 0x00000000eee00000| Complete 
| 239|0x00000000eef00000, 0x00000000ef000000, 0x00000000ef000000|100%| E|CS|TAMS 0x00000000eef00000, 0x00000000eef00000| Complete 
| 240|0x00000000ef000000, 0x00000000ef100000, 0x00000000ef100000|100%| E|CS|TAMS 0x00000000ef000000, 0x00000000ef000000| Complete 
| 241|0x00000000ef100000, 0x00000000ef200000, 0x00000000ef200000|100%| E|CS|TAMS 0x00000000ef100000, 0x00000000ef100000| Complete 
| 242|0x00000000ef200000, 0x00000000ef300000, 0x00000000ef300000|100%| E|CS|TAMS 0x00000000ef200000, 0x00000000ef200000| Complete 
| 243|0x00000000ef300000, 0x00000000ef400000, 0x00000000ef400000|100%| E|CS|TAMS 0x00000000ef300000, 0x00000000ef300000| Complete 
| 244|0x00000000ef400000, 0x00000000ef500000, 0x00000000ef500000|100%| E|CS|TAMS 0x00000000ef400000, 0x00000000ef400000| Complete 
| 245|0x00000000ef500000, 0x00000000ef600000, 0x00000000ef600000|100%| E|CS|TAMS 0x00000000ef500000, 0x00000000ef500000| Complete 
| 246|0x00000000ef600000, 0x00000000ef700000, 0x00000000ef700000|100%| E|CS|TAMS 0x00000000ef600000, 0x00000000ef600000| Complete 
| 247|0x00000000ef700000, 0x00000000ef800000, 0x00000000ef800000|100%| E|CS|TAMS 0x00000000ef700000, 0x00000000ef700000| Complete 
| 248|0x00000000ef800000, 0x00000000ef900000, 0x00000000ef900000|100%| E|CS|TAMS 0x00000000ef800000, 0x00000000ef800000| Complete 
| 249|0x00000000ef900000, 0x00000000efa00000, 0x00000000efa00000|100%| E|CS|TAMS 0x00000000ef900000, 0x00000000ef900000| Complete 
| 250|0x00000000efa00000, 0x00000000efb00000, 0x00000000efb00000|100%| E|CS|TAMS 0x00000000efa00000, 0x00000000efa00000| Complete 
| 251|0x00000000efb00000, 0x00000000efc00000, 0x00000000efc00000|100%| E|CS|TAMS 0x00000000efb00000, 0x00000000efb00000| Complete 
| 252|0x00000000efc00000, 0x00000000efd00000, 0x00000000efd00000|100%| E|CS|TAMS 0x00000000efc00000, 0x00000000efc00000| Complete 
| 253|0x00000000efd00000, 0x00000000efe00000, 0x00000000efe00000|100%| E|CS|TAMS 0x00000000efd00000, 0x00000000efd00000| Complete 
| 254|0x00000000efe00000, 0x00000000eff00000, 0x00000000eff00000|100%| E|CS|TAMS 0x00000000efe00000, 0x00000000efe00000| Complete 
| 255|0x00000000eff00000, 0x00000000f0000000, 0x00000000f0000000|100%| E|CS|TAMS 0x00000000eff00000, 0x00000000eff00000| Complete 

Card table byte_map: [0x000002177b330000,0x000002177b430000] _byte_map_base: 0x000002177ac30000

Marking Bits (Prev, Next): (CMBitMap*) 0x0000021777753128, (CMBitMap*) 0x0000021777753160
 Prev Bits: [0x000002177b530000, 0x000002177bd30000)
 Next Bits: [0x000002177bd30000, 0x000002177c530000)

Polling page: 0x00000217756b0000

Metaspace:

Usage:
  Non-class:     38.11 MB capacity,    37.51 MB ( 98%) used,   528.10 KB (  1%) free+waste,    90.38 KB ( <1%) overhead. 
      Class:      5.75 MB capacity,     5.36 MB ( 93%) used,   351.82 KB (  6%) free+waste,    43.50 KB ( <1%) overhead. 
       Both:     43.86 MB capacity,    42.87 MB ( 98%) used,   879.92 KB (  2%) free+waste,   133.88 KB ( <1%) overhead. 

Virtual space:
  Non-class space:       40.00 MB reserved,      38.20 MB ( 96%) committed 
      Class space:      248.00 MB reserved,       5.88 MB (  2%) committed 
             Both:      288.00 MB reserved,      44.08 MB ( 15%) committed 

Chunk freelists:
   Non-Class:  29.00 KB
       Class:  31.00 KB
        Both:  60.00 KB

MaxMetaspaceSize: 256.00 MB
CompressedClassSpaceSize: 248.00 MB

CodeHeap 'non-profiled nmethods': size=120064Kb used=3880Kb max_used=3880Kb free=116183Kb
 bounds [0x0000021707ac0000, 0x0000021707e90000, 0x000002170f000000]
CodeHeap 'profiled nmethods': size=120000Kb used=9931Kb max_used=9931Kb free=110068Kb
 bounds [0x0000021700590000, 0x0000021700f50000, 0x0000021707ac0000]
CodeHeap 'non-nmethods': size=5696Kb used=2215Kb max_used=2274Kb free=3480Kb
 bounds [0x0000021700000000, 0x0000021700270000, 0x0000021700590000]
 total_blobs=5230 nmethods=4443 adapters=698
 compilation: enabled
              stopped_count=0, restarted_count=0
 full_count=0

Compilation events (20 events):
Event: 27.638 Thread 0x000002171219f000 nmethod 4318 0x0000021707e76410 code [0x0000021707e76660, 0x0000021707e76de0]
Event: 27.915 Thread 0x000002177f3ec000 4321       3       java.util.WeakHashMap$HashIterator::hasNext (95 bytes)
Event: 27.915 Thread 0x000002177f3ec000 nmethod 4321 0x0000021700f03010 code [0x0000021700f03200, 0x0000021700f03758]
Event: 27.915 Thread 0x000002177f3ec000 4323       3       java.util.WeakHashMap$HashIterator::nextEntry (81 bytes)
Event: 27.915 Thread 0x000002177f3ec000 nmethod 4323 0x0000021700f03910 code [0x0000021700f03b20, 0x0000021700f04088]
Event: 27.915 Thread 0x000002177f3ec000 4322       3       java.util.WeakHashMap$KeyIterator::next (8 bytes)
Event: 27.916 Thread 0x000002177f3ec000 nmethod 4322 0x0000021700f04210 code [0x0000021700f043e0, 0x0000021700f04768]
Event: 27.916 Thread 0x000002177f3ec000 4324       3       java.util.WeakHashMap$Entry::getKey (8 bytes)
Event: 27.916 Thread 0x000002177f3ec000 nmethod 4324 0x0000021700f04890 code [0x0000021700f04a40, 0x0000021700f04cb8]
Event: 27.916 Thread 0x000002177f3ec000 4325       3       java.util.WeakHashMap::unmaskNull (13 bytes)
Event: 27.916 Thread 0x000002177f3ec000 nmethod 4325 0x0000021700f04d90 code [0x0000021700f04f40, 0x0000021700f05078]
Event: 27.917 Thread 0x000002177f3e3000 4326       4       java.util.WeakHashMap$HashIterator::hasNext (95 bytes)
Event: 27.919 Thread 0x000002177f3ec000 4329   !   3       java.util.zip.Inflater::end (37 bytes)
Event: 27.919 Thread 0x000002177f3ec000 nmethod 4329 0x0000021700f05110 code [0x0000021700f052e0, 0x0000021700f05768]
Event: 27.919 Thread 0x000002177f3ec000 4330  s    3       java.util.zip.Inflater$InflaterZStreamRef::run (21 bytes)
Event: 27.919 Thread 0x000002177f3ec000 nmethod 4330 0x0000021700f05910 code [0x0000021700f05ae0, 0x0000021700f05dc8]
Event: 27.920 Thread 0x000002177f3ec000 4332       3       java.util.zip.ZipFile$InflaterCleanupAction::run (12 bytes)
Event: 27.921 Thread 0x000002177f3ec000 nmethod 4332 0x0000021700f05e90 code [0x0000021700f06040, 0x0000021700f06208]
Event: 27.923 Thread 0x000002177f3ec000 4333   !   3       java.util.zip.ZipFile$CleanableResource::run (251 bytes)
Event: 27.924 Thread 0x000002177f3ec000 nmethod 4333 0x0000021700f06310 code [0x0000021700f065e0, 0x0000021700f07878]

GC Heap History (20 events):
Event: 4.401 GC heap before
{Heap before GC invocations=4 (full 0):
 garbage-first heap   total 262144K, used 22483K [0x00000000e0000000, 0x0000000100000000)
  region size 1024K, 10 young (10240K), 3 survivors (3072K)
 Metaspace       used 20616K, capacity 21187K, committed 21296K, reserved 274432K
  class space    used 2516K, capacity 2688K, committed 2688K, reserved 253952K
}
Event: 4.407 GC heap after
{Heap after GC invocations=5 (full 0):
 garbage-first heap   total 262144K, used 16596K [0x00000000e0000000, 0x0000000100000000)
  region size 1024K, 4 young (4096K), 4 survivors (4096K)
 Metaspace       used 20616K, capacity 21187K, committed 21296K, reserved 274432K
  class space    used 2516K, capacity 2688K, committed 2688K, reserved 253952K
}
Event: 12.149 GC heap before
{Heap before GC invocations=6 (full 0):
 garbage-first heap   total 262144K, used 81108K [0x00000000e0000000, 0x0000000100000000)
  region size 1024K, 58 young (59392K), 4 survivors (4096K)
 Metaspace       used 26424K, capacity 27193K, committed 27392K, reserved 278528K
  class space    used 3446K, capacity 3719K, committed 3840K, reserved 253952K
}
Event: 12.161 GC heap after
{Heap after GC invocations=7 (full 0):
 garbage-first heap   total 262144K, used 29622K [0x00000000e0000000, 0x0000000100000000)
  region size 1024K, 7 young (7168K), 7 survivors (7168K)
 Metaspace       used 26424K, capacity 27193K, committed 27392K, reserved 278528K
  class space    used 3446K, capacity 3719K, committed 3840K, reserved 253952K
}
Event: 13.590 GC heap before
{Heap before GC invocations=7 (full 0):
 garbage-first heap   total 262144K, used 89014K [0x00000000e0000000, 0x0000000100000000)
  region size 1024K, 67 young (68608K), 7 survivors (7168K)
 Metaspace       used 35156K, capacity 35941K, committed 36048K, reserved 286720K
  class space    used 4502K, capacity 4801K, committed 4864K, reserved 253952K
}
Event: 13.604 GC heap after
{Heap after GC invocations=8 (full 0):
 garbage-first heap   total 262144K, used 31835K [0x00000000e0000000, 0x0000000100000000)
  region size 1024K, 9 young (9216K), 9 survivors (9216K)
 Metaspace       used 35156K, capacity 35941K, committed 36048K, reserved 286720K
  class space    used 4502K, capacity 4801K, committed 4864K, reserved 253952K
}
Event: 18.194 GC heap before
{Heap before GC invocations=9 (full 0):
 garbage-first heap   total 262144K, used 137307K [0x00000000e0000000, 0x0000000100000000)
  region size 1024K, 104 young (106496K), 9 survivors (9216K)
 Metaspace       used 43239K, capacity 44223K, committed 44368K, reserved 292864K
  class space    used 5418K, capacity 5757K, committed 5760K, reserved 253952K
}
Event: 18.221 GC heap after
{Heap after GC invocations=10 (full 0):
 garbage-first heap   total 262144K, used 40641K [0x00000000e0000000, 0x0000000100000000)
  region size 1024K, 11 young (11264K), 11 survivors (11264K)
 Metaspace       used 43239K, capacity 44223K, committed 44368K, reserved 292864K
  class space    used 5418K, capacity 5757K, committed 5760K, reserved 253952K
}
Event: 20.538 GC heap before
{Heap before GC invocations=10 (full 0):
 garbage-first heap   total 262144K, used 155329K [0x00000000e0000000, 0x0000000100000000)
  region size 1024K, 123 young (125952K), 11 survivors (11264K)
 Metaspace       used 43283K, capacity 44225K, committed 44368K, reserved 292864K
  class space    used 5419K, capacity 5757K, committed 5760K, reserved 253952K
}
Event: 20.553 GC heap after
{Heap after GC invocations=11 (full 0):
 garbage-first heap   total 262144K, used 41379K [0x00000000e0000000, 0x0000000100000000)
  region size 1024K, 8 young (8192K), 8 survivors (8192K)
 Metaspace       used 43283K, capacity 44225K, committed 44368K, reserved 292864K
  class space    used 5419K, capacity 5757K, committed 5760K, reserved 253952K
}
Event: 22.051 GC heap before
{Heap before GC invocations=11 (full 0):
 garbage-first heap   total 262144K, used 170403K [0x00000000e0000000, 0x0000000100000000)
  region size 1024K, 134 young (137216K), 8 survivors (8192K)
 Metaspace       used 43284K, capacity 44225K, committed 44368K, reserved 292864K
  class space    used 5419K, capacity 5757K, committed 5760K, reserved 253952K
}
Event: 22.065 GC heap after
{Heap after GC invocations=12 (full 0):
 garbage-first heap   total 262144K, used 42274K [0x00000000e0000000, 0x0000000100000000)
  region size 1024K, 9 young (9216K), 9 survivors (9216K)
 Metaspace       used 43284K, capacity 44225K, committed 44368K, reserved 292864K
  class space    used 5419K, capacity 5757K, committed 5760K, reserved 253952K
}
Event: 23.685 GC heap before
{Heap before GC invocations=12 (full 0):
 garbage-first heap   total 262144K, used 188706K [0x00000000e0000000, 0x0000000100000000)
  region size 1024K, 152 young (155648K), 9 survivors (9216K)
 Metaspace       used 43285K, capacity 44225K, committed 44368K, reserved 292864K
  class space    used 5419K, capacity 5757K, committed 5760K, reserved 253952K
}
Event: 23.706 GC heap after
{Heap after GC invocations=13 (full 0):
 garbage-first heap   total 262144K, used 46395K [0x00000000e0000000, 0x0000000100000000)
  region size 1024K, 13 young (13312K), 13 survivors (13312K)
 Metaspace       used 43285K, capacity 44225K, committed 44368K, reserved 292864K
  class space    used 5419K, capacity 5757K, committed 5760K, reserved 253952K
}
Event: 24.571 GC heap before
{Heap before GC invocations=13 (full 0):
 garbage-first heap   total 262144K, used 189755K [0x00000000e0000000, 0x0000000100000000)
  region size 1024K, 153 young (156672K), 13 survivors (13312K)
 Metaspace       used 43293K, capacity 44225K, committed 44368K, reserved 292864K
  class space    used 5419K, capacity 5757K, committed 5760K, reserved 253952K
}
Event: 24.591 GC heap after
{Heap after GC invocations=14 (full 0):
 garbage-first heap   total 262144K, used 48966K [0x00000000e0000000, 0x0000000100000000)
  region size 1024K, 13 young (13312K), 13 survivors (13312K)
 Metaspace       used 43293K, capacity 44225K, committed 44368K, reserved 292864K
  class space    used 5419K, capacity 5757K, committed 5760K, reserved 253952K
}
Event: 26.291 GC heap before
{Heap before GC invocations=14 (full 0):
 garbage-first heap   total 262144K, used 192326K [0x00000000e0000000, 0x0000000100000000)
  region size 1024K, 153 young (156672K), 13 survivors (13312K)
 Metaspace       used 43296K, capacity 44225K, committed 44368K, reserved 292864K
  class space    used 5419K, capacity 5757K, committed 5760K, reserved 253952K
}
Event: 26.310 GC heap after
{Heap after GC invocations=15 (full 0):
 garbage-first heap   total 262144K, used 50176K [0x00000000e0000000, 0x0000000100000000)
  region size 1024K, 10 young (10240K), 10 survivors (10240K)
 Metaspace       used 43296K, capacity 44225K, committed 44368K, reserved 292864K
  class space    used 5419K, capacity 5757K, committed 5760K, reserved 253952K
}
Event: 27.419 GC heap before
{Heap before GC invocations=15 (full 0):
 garbage-first heap   total 262144K, used 200704K [0x00000000e0000000, 0x0000000100000000)
  region size 1024K, 153 young (156672K), 10 survivors (10240K)
 Metaspace       used 43431K, capacity 44355K, committed 44496K, reserved 292864K
  class space    used 5441K, capacity 5801K, committed 5888K, reserved 253952K
}
Event: 27.434 GC heap after
{Heap after GC invocations=16 (full 0):
 garbage-first heap   total 262144K, used 68237K [0x00000000e0000000, 0x0000000100000000)
  region size 1024K, 20 young (20480K), 20 survivors (20480K)
 Metaspace       used 43431K, capacity 44355K, committed 44496K, reserved 292864K
  class space    used 5441K, capacity 5801K, committed 5888K, reserved 253952K
}

Deoptimization events (20 events):
Event: 26.449 Thread 0x0000021710516800 Uncommon trap: trap_request=0xfffffff4 fr.pc=0x0000021707d7c0c8 relative=0x00000000000006c8
Event: 26.449 Thread 0x0000021710516800 Uncommon trap: reason=null_check action=make_not_entrant pc=0x0000021707d7c0c8 method=org.gradle.api.internal.file.archive.impl.FileZipInput$1.computeNext()Lorg/gradle/api/internal/file/archive/ZipEntry; @ 19 c2
Event: 26.449 Thread 0x0000021710516800 DEOPT PACKING pc=0x0000021707d7c0c8 sp=0x0000009cf15fea40
Event: 26.449 Thread 0x0000021710516800 DEOPT UNPACKING pc=0x00000217000278af sp=0x0000009cf15fe8f0 mode 2
Event: 26.452 Thread 0x0000021710516800 Uncommon trap: trap_request=0xffffff4d fr.pc=0x0000021707d161d4 relative=0x00000000000004d4
Event: 26.452 Thread 0x0000021710516800 Uncommon trap: reason=unstable_if action=reinterpret pc=0x0000021707d161d4 method=java.io.BufferedOutputStream.flushBuffer()V @ 4 c2
Event: 26.452 Thread 0x0000021710516800 DEOPT PACKING pc=0x0000021707d161d4 sp=0x0000009cf15fea90
Event: 26.452 Thread 0x0000021710516800 DEOPT UNPACKING pc=0x00000217000278af sp=0x0000009cf15fe9e0 mode 2
Event: 26.994 Thread 0x0000021710202000 Uncommon trap: trap_request=0xffffffc6 fr.pc=0x0000021707bc6bac relative=0x0000000000000ecc
Event: 26.994 Thread 0x0000021710202000 Uncommon trap: reason=bimorphic_or_optimized_type_check action=maybe_recompile pc=0x0000021707bc6bac method=java.io.DataOutputStream.writeShort(I)V @ 12 c2
Event: 26.994 Thread 0x0000021710202000 DEOPT PACKING pc=0x0000021707bc6bac sp=0x0000009cef6fe1b0
Event: 26.994 Thread 0x0000021710202000 DEOPT UNPACKING pc=0x00000217000278af sp=0x0000009cef6fe1b8 mode 2
Event: 26.999 Thread 0x000002170f80d800 DEOPT PACKING pc=0x00000217008b1ada sp=0x0000009cefbf9d70
Event: 27.000 Thread 0x000002170f80d800 DEOPT UNPACKING pc=0x00000217000276ce sp=0x0000009cefbf91f8 mode 0
Event: 27.003 Thread 0x000002170f80d800 DEOPT PACKING pc=0x0000021700a8122a sp=0x0000009cefbf9db0
Event: 27.003 Thread 0x000002170f80d800 DEOPT UNPACKING pc=0x00000217000276ce sp=0x0000009cefbf93a0 mode 0
Event: 27.919 Thread 0x000002170f80d800 Uncommon trap: trap_request=0xffffff4d fr.pc=0x0000021707c2e3f4 relative=0x0000000000000814
Event: 27.919 Thread 0x000002170f80d800 Uncommon trap: reason=unstable_if action=reinterpret pc=0x0000021707c2e3f4 method=java.util.zip.ZipFile$CleanableResource.releaseInflater(Ljava/util/zip/Inflater;)V @ 6 c2
Event: 27.919 Thread 0x000002170f80d800 DEOPT PACKING pc=0x0000021707c2e3f4 sp=0x0000009cefbfa1b0
Event: 27.919 Thread 0x000002170f80d800 DEOPT UNPACKING pc=0x00000217000278af sp=0x0000009cefbfa128 mode 2

Classes redefined (0 events):
No events

Internal exceptions (20 events):
Event: 14.958 Thread 0x000002170f80d800 Exception <a 'java/lang/ClassNotFoundException'{0x00000000ee2c8398}: org/gradle/api/internal/artifacts/dsl/dependencies/DefaultDependencyHandlerBeanInfo> (0x00000000ee2c8398) thrown at [./src/hotspot/share/classfile/systemDictionary.cpp, line 231]
Event: 14.962 Thread 0x000002170f80d800 Exception <a 'java/lang/ClassNotFoundException'{0x00000000ee2fb490}: org/gradle/api/internal/artifacts/dsl/dependencies/DefaultDependencyHandlerCustomizer> (0x00000000ee2fb490) thrown at [./src/hotspot/share/classfile/systemDictionary.cpp, line 231]
Event: 14.967 Thread 0x000002170f80d800 Exception <a 'java/lang/ClassNotFoundException'{0x00000000ee14da30}: org/gradle/api/internal/artifacts/dsl/dependencies/DefaultDependencyHandler_DecoratedCustomizer> (0x00000000ee14da30) thrown at [./src/hotspot/share/classfile/systemDictionary.cpp, line 231]
Event: 15.399 Thread 0x000002170f80d800 Exception <a 'java/lang/NoSuchMethodError'{0x00000000edc654f8}: 'java.lang.Object java.lang.invoke.DirectMethodHandle$Holder.invokeStatic(java.lang.Object, int, java.lang.Object)'> (0x00000000edc654f8) thrown at [./src/hotspot/share/interpreter/linkResolver.cpp, line 773]
Event: 15.664 Thread 0x000002170f80d800 Exception <a 'java/lang/NoSuchMethodError'{0x00000000ed6e4c28}: 'java.lang.Object java.lang.invoke.DirectMethodHandle$Holder.invokeStatic(java.lang.Object, java.lang.Object, java.lang.Object, int)'> (0x00000000ed6e4c28) thrown at [./src/hotspot/share/interpreter/linkResolver.cpp, line 773]
Event: 15.664 Thread 0x000002170f80d800 Exception <a 'java/lang/NoSuchMethodError'{0x00000000ed6e9240}: 'java.lang.Object java.lang.invoke.DirectMethodHandle$Holder.invokeSpecial(java.lang.Object, java.lang.Object, java.lang.Object, java.lang.Object, int)'> (0x00000000ed6e9240) thrown at [./src/hotspot/share/interpreter/linkResolver.cpp, line 773]
Event: 15.665 Thread 0x000002170f80d800 Exception <a 'java/lang/NoSuchMethodError'{0x00000000ed6ed178}: 'java.lang.Object java.lang.invoke.Invokers$Holder.linkToTargetMethod(java.lang.Object, java.lang.Object, int, java.lang.Object)'> (0x00000000ed6ed178) thrown at [./src/hotspot/share/interpreter/linkResolver.cpp, line 773]
Event: 15.674 Thread 0x000002170f80d800 Exception <a 'java/lang/NoSuchMethodError'{0x00000000ed532f70}: 'int java.lang.invoke.DirectMethodHandle$Holder.invokeInterface(java.lang.Object, java.lang.Object)'> (0x00000000ed532f70) thrown at [./src/hotspot/share/interpreter/linkResolver.cpp, line 773]
Event: 15.675 Thread 0x000002170f80d800 Exception <a 'java/lang/IncompatibleClassChangeError'{0x00000000ed5367a8}: Found class java.lang.Object, but interface was expected> (0x00000000ed5367a8) thrown at [./src/hotspot/share/interpreter/linkResolver.cpp, line 839]
Event: 15.749 Thread 0x000002170f80d800 Exception <a 'java/lang/NoSuchMethodError'{0x00000000ed4a79a0}: 'java.lang.Object java.lang.invoke.Invokers$Holder.linkToTargetMethod(java.lang.Object, int, java.lang.Object)'> (0x00000000ed4a79a0) thrown at [./src/hotspot/share/interpreter/linkResolver.cpp, line 773]
Event: 15.928 Thread 0x000002170f80d800 Exception <a 'java/lang/NoSuchMethodError'{0x00000000ed1da348}: 'int java.lang.invoke.DirectMethodHandle$Holder.invokeStaticInit(java.lang.Object)'> (0x00000000ed1da348) thrown at [./src/hotspot/share/interpreter/linkResolver.cpp, line 773]
Event: 19.176 Thread 0x0000021710515000 Exception <a 'sun/nio/fs/WindowsException'{0x00000000ed646510}> (0x00000000ed646510) thrown at [./src/hotspot/share/prims/jni.cpp, line 615]
Event: 19.177 Thread 0x0000021710515000 Exception <a 'sun/nio/fs/WindowsException'{0x00000000ed6466d8}> (0x00000000ed6466d8) thrown at [./src/hotspot/share/prims/jni.cpp, line 615]
Event: 20.168 Thread 0x0000021710516800 Implicit null exception at 0x0000021707d0ef3d to 0x0000021707d0f3e6
Event: 26.449 Thread 0x0000021710516800 Implicit null exception at 0x0000021707d7be5b to 0x0000021707d7c0bc
Event: 26.516 Thread 0x0000021710516800 Exception <a 'sun/nio/fs/WindowsException'{0x00000000ec15ec68}> (0x00000000ec15ec68) thrown at [./src/hotspot/share/prims/jni.cpp, line 615]
Event: 26.517 Thread 0x0000021710516800 Exception <a 'sun/nio/fs/WindowsException'{0x00000000ec15ee00}> (0x00000000ec15ee00) thrown at [./src/hotspot/share/prims/jni.cpp, line 615]
Event: 27.016 Thread 0x000002170f80d800 Exception <a 'java/lang/NoSuchMethodError'{0x00000000ebffa798}: 'void java.lang.invoke.DirectMethodHandle$Holder.invokeStatic(java.lang.Object, java.lang.Object, java.lang.Object, java.lang.Object, java.lang.Object)'> (0x00000000ebffa798) thrown at [./src/hotspot/share/interpreter/linkResolver.cpp, line 773]
Event: 27.914 Thread 0x000002170f80d800 Exception <a 'java/lang/OutOfMemoryError'{0x00000000e8fed858}> (0x00000000e8fed858) thrown at [./src/hotspot/share/prims/jni.cpp, line 636]
Event: 27.919 Thread 0x000002170f80d800 Implicit null exception at 0x0000021707c2dc1b to 0x0000021707c2e3dc

Events (20 events):
Event: 27.017 loading class org/gradle/api/internal/changedetection/state/ManifestFileZipEntryHasher done
Event: 27.018 loading class java/util/stream/SortedOps
Event: 27.018 loading class java/util/stream/SortedOps done
Event: 27.019 loading class java/util/stream/SortedOps$OfRef
Event: 27.019 loading class java/util/stream/ReferencePipeline$StatefulOp
Event: 27.019 loading class java/util/stream/ReferencePipeline$StatefulOp done
Event: 27.019 loading class java/util/stream/SortedOps$OfRef done
Event: 27.019 loading class java/util/stream/SortedOps$RefSortingSink
Event: 27.019 loading class java/util/stream/SortedOps$AbstractRefSortingSink
Event: 27.019 loading class java/util/stream/SortedOps$AbstractRefSortingSink done
Event: 27.019 loading class java/util/stream/SortedOps$RefSortingSink done
Event: 27.354 loading class org/gradle/api/internal/changedetection/state/ZipHasher$1
Event: 27.354 loading class org/gradle/api/internal/changedetection/state/ZipHasher$1 done
Event: 27.419 Executing VM operation: G1CollectForAllocation
Event: 27.434 Executing VM operation: G1CollectForAllocation done
Event: 27.486 Thread 0x000002171219f000 Thread added: 0x000002171219f000
Event: 27.914 loading class java/util/zip/DataFormatException
Event: 27.914 loading class java/util/zip/DataFormatException done
Event: 27.915 Thread 0x000002171219f000 Thread exited: 0x000002171219f000
Event: 27.920 Loaded shared library D:\IntelliJ IDEA 2020.3.3\jbr\bin\zip.dll


Dynamic libraries:
0x00007ff6c71c0000 - 0x00007ff6c71ca000 	D:\IntelliJ IDEA 2020.3.3\jbr\bin\java.exe
0x00007ffa61850000 - 0x00007ffa61a31000 	C:\WINDOWS\SYSTEM32\ntdll.dll
0x00007ffa5f040000 - 0x00007ffa5f0f1000 	C:\WINDOWS\System32\KERNEL32.DLL
0x00007ffa5ddc0000 - 0x00007ffa5e033000 	C:\WINDOWS\System32\KERNELBASE.dll
0x00007ffa5e960000 - 0x00007ffa5ea58000 	C:\WINDOWS\System32\ucrtbase.dll
0x00007ffa59160000 - 0x00007ffa59179000 	D:\IntelliJ IDEA 2020.3.3\jbr\bin\jli.dll
0x00007ffa52f30000 - 0x00007ffa52f47000 	D:\IntelliJ IDEA 2020.3.3\jbr\bin\VCRUNTIME140.dll
0x00007ffa5eeb0000 - 0x00007ffa5f040000 	C:\WINDOWS\System32\USER32.dll
0x00007ffa5dc50000 - 0x00007ffa5dc70000 	C:\WINDOWS\System32\win32u.dll
0x00007ffa4bb80000 - 0x00007ffa4bde9000 	C:\WINDOWS\WinSxS\amd64_microsoft.windows.common-controls_6595b64144ccf1df_6.0.17134.2026_none_d3fdbb717c923c14\COMCTL32.dll
0x00007ffa5f9d0000 - 0x00007ffa5f9f8000 	C:\WINDOWS\System32\GDI32.dll
0x00007ffa5fa00000 - 0x00007ffa5fa9e000 	C:\WINDOWS\System32\msvcrt.dll
0x00007ffa5e0a0000 - 0x00007ffa5e234000 	C:\WINDOWS\System32\gdi32full.dll
0x00007ffa5dc70000 - 0x00007ffa5dd0f000 	C:\WINDOWS\System32\msvcp_win.dll
0x00007ffa5f170000 - 0x00007ffa5f492000 	C:\WINDOWS\System32\combase.dll
0x00007ffa61030000 - 0x00007ffa61153000 	C:\WINDOWS\System32\RPCRT4.dll
0x00007ffa5ea60000 - 0x00007ffa5ead9000 	C:\WINDOWS\System32\bcryptPrimitives.dll
0x00007ffa5f4a0000 - 0x00007ffa5f4cd000 	C:\WINDOWS\System32\IMM32.DLL
0x00007ffa33ad0000 - 0x00007ffa33b6d000 	D:\IntelliJ IDEA 2020.3.3\jbr\bin\msvcp140.dll
0x00007ffa29380000 - 0x00007ffa29e50000 	D:\IntelliJ IDEA 2020.3.3\jbr\bin\server\jvm.dll
0x00007ffa5f920000 - 0x00007ffa5f9c1000 	C:\WINDOWS\System32\ADVAPI32.dll
0x00007ffa5ee30000 - 0x00007ffa5ee8b000 	C:\WINDOWS\System32\sechost.dll
0x00007ffa5f160000 - 0x00007ffa5f168000 	C:\WINDOWS\System32\PSAPI.DLL
0x00007ffa497a0000 - 0x00007ffa497a9000 	C:\WINDOWS\SYSTEM32\WSOCK32.dll
0x00007ffa617b0000 - 0x00007ffa6181c000 	C:\WINDOWS\System32\WS2_32.dll
0x00007ffa5b570000 - 0x00007ffa5b593000 	C:\WINDOWS\SYSTEM32\WINMM.dll
0x00007ffa4c470000 - 0x00007ffa4c47a000 	C:\WINDOWS\SYSTEM32\VERSION.dll
0x00007ffa5b540000 - 0x00007ffa5b56a000 	C:\WINDOWS\SYSTEM32\WINMMBASE.dll
0x00007ffa5dc00000 - 0x00007ffa5dc49000 	C:\WINDOWS\System32\cfgmgr32.dll
0x00007ffa5dba0000 - 0x00007ffa5dbb1000 	C:\WINDOWS\System32\kernel.appcore.dll
0x00007ffa400f0000 - 0x00007ffa40101000 	D:\IntelliJ IDEA 2020.3.3\jbr\bin\verify.dll
0x00007ffa4e540000 - 0x00007ffa4e709000 	C:\WINDOWS\SYSTEM32\DBGHELP.DLL
0x00007ffa4e510000 - 0x00007ffa4e539000 	C:\WINDOWS\SYSTEM32\dbgcore.DLL
0x00007ffa32a90000 - 0x00007ffa32ab9000 	D:\IntelliJ IDEA 2020.3.3\jbr\bin\java.dll
0x00007ffa45df0000 - 0x00007ffa45dfb000 	D:\IntelliJ IDEA 2020.3.3\jbr\bin\jimage.dll
0x00007ffa32a70000 - 0x00007ffa32a88000 	D:\IntelliJ IDEA 2020.3.3\jbr\bin\zip.dll
0x00007ffa5fb40000 - 0x00007ffa60f85000 	C:\WINDOWS\System32\SHELL32.dll
0x00007ffa5f810000 - 0x00007ffa5f8b8000 	C:\WINDOWS\System32\shcore.dll
0x00007ffa5e240000 - 0x00007ffa5e953000 	C:\WINDOWS\System32\windows.storage.dll
0x00007ffa615b0000 - 0x00007ffa61601000 	C:\WINDOWS\System32\shlwapi.dll
0x00007ffa5dbe0000 - 0x00007ffa5dbff000 	C:\WINDOWS\System32\profapi.dll
0x00007ffa5db40000 - 0x00007ffa5db8c000 	C:\WINDOWS\System32\powrprof.dll
0x00007ffa5db90000 - 0x00007ffa5db9a000 	C:\WINDOWS\System32\FLTLIB.DLL
0x00007ffa32a50000 - 0x00007ffa32a6a000 	D:\IntelliJ IDEA 2020.3.3\jbr\bin\net.dll
0x00007ffa58a10000 - 0x00007ffa58aed000 	C:\WINDOWS\SYSTEM32\WINHTTP.dll
0x00007ffa5d360000 - 0x00007ffa5d3c6000 	C:\WINDOWS\system32\mswsock.dll
0x00007ffa32870000 - 0x00007ffa32884000 	D:\IntelliJ IDEA 2020.3.3\jbr\bin\nio.dll
0x00007ffa5a340000 - 0x00007ffa5a366000 	C:\Users\Administrator\.gradle\native\fdc75f09e3144964f2cf3f50f0aa648679c211496f362492102eb8c894070792\windows-amd64\native-platform.dll
0x00007ffa2e1b0000 - 0x00007ffa2e341000 	C:\Users\Administrator\.gradle\native\12488b8bf47d2d4c9fbf2f6322a914ad602e24e48041cd04a747c6da556b65c4\windows-amd64\native-platform-file-events.dll
0x00007ffa5a470000 - 0x00007ffa5a47a000 	D:\IntelliJ IDEA 2020.3.3\jbr\bin\management.dll
0x00007ffa5a410000 - 0x00007ffa5a41c000 	D:\IntelliJ IDEA 2020.3.3\jbr\bin\management_ext.dll
0x00007ffa5d520000 - 0x00007ffa5d537000 	C:\WINDOWS\SYSTEM32\CRYPTSP.dll
0x00007ffa5cf10000 - 0x00007ffa5cf43000 	C:\WINDOWS\system32\rsaenh.dll
0x00007ffa5d640000 - 0x00007ffa5d665000 	C:\WINDOWS\SYSTEM32\bcrypt.dll
0x00007ffa5da70000 - 0x00007ffa5da98000 	C:\WINDOWS\SYSTEM32\USERENV.dll
0x00007ffa5d510000 - 0x00007ffa5d51b000 	C:\WINDOWS\SYSTEM32\CRYPTBASE.dll
0x00007ffa5d0b0000 - 0x00007ffa5d0e8000 	C:\WINDOWS\SYSTEM32\IPHLPAPI.DLL
0x00007ffa5fb30000 - 0x00007ffa5fb38000 	C:\WINDOWS\System32\NSI.dll
0x00007ffa50a50000 - 0x00007ffa50a66000 	C:\WINDOWS\SYSTEM32\dhcpcsvc6.DLL
0x00007ffa52e50000 - 0x00007ffa52e6a000 	C:\WINDOWS\SYSTEM32\dhcpcsvc.DLL
0x00007ffa52c20000 - 0x00007ffa52c2b000 	C:\WINDOWS\SYSTEM32\WINNSI.DLL

dbghelp: loaded successfully - version: 4.0.5 - missing functions: none
symbol engine: initialized successfully - sym options: 0x614 - pdb path: .;D:\IntelliJ IDEA 2020.3.3\jbr\bin;C:\WINDOWS\SYSTEM32;C:\WINDOWS\WinSxS\amd64_microsoft.windows.common-controls_6595b64144ccf1df_6.0.17134.2026_none_d3fdbb717c923c14;D:\IntelliJ IDEA 2020.3.3\jbr\bin\server;C:\Users\Administrator\.gradle\native\fdc75f09e3144964f2cf3f50f0aa648679c211496f362492102eb8c894070792\windows-amd64;C:\Users\Administrator\.gradle\native\12488b8bf47d2d4c9fbf2f6322a914ad602e24e48041cd04a747c6da556b65c4\windows-amd64

VM Arguments:
jvm_args: -XX:MaxMetaspaceSize=256m -XX:+HeapDumpOnOutOfMemoryError --add-opens=java.base/java.util=ALL-UNNAMED --add-opens=java.base/java.lang=ALL-UNNAMED --add-opens=java.base/java.lang.invoke=ALL-UNNAMED --add-opens=java.prefs/java.util.prefs=ALL-UNNAMED -Xms256m -Xmx512m -Dfile.encoding=GBK -Duser.country=CN -Duser.language=zh -Duser.variant 
java_command: org.gradle.launcher.daemon.bootstrap.GradleDaemon 6.7
java_class_path (initial): C:\Users\Administrator\.gradle\wrapper\dists\gradle-6.7-bin\efvqh8uyq79v2n7rcncuhu9sv\gradle-6.7\lib\gradle-launcher-6.7.jar
Launcher Type: SUN_STANDARD

[Global flags]
     intx CICompilerCount                          = 3                                         {product} {ergonomic}
   size_t CompressedClassSpaceSize                 = 260046848                                 {product} {ergonomic}
     uint ConcGCThreads                            = 1                                         {product} {ergonomic}
     uint G1ConcRefinementThreads                  = 4                                         {product} {ergonomic}
   size_t G1HeapRegionSize                         = 1048576                                   {product} {ergonomic}
    uintx GCDrainStackTargetSize                   = 64                                        {product} {ergonomic}
     bool HeapDumpOnOutOfMemoryError               = true                                   {manageable} {command line}
   size_t InitialHeapSize                          = 268435456                                 {product} {command line}
   size_t MarkStackSize                            = 4194304                                   {product} {ergonomic}
   size_t MaxHeapSize                              = 536870912                                 {product} {command line}
   size_t MaxMetaspaceSize                         = 268435456                                 {product} {command line}
   size_t MaxNewSize                               = 321912832                                 {product} {ergonomic}
   size_t MinHeapDeltaBytes                        = 1048576                                   {product} {ergonomic}
    uintx NonNMethodCodeHeapSize                   = 5830732                                {pd product} {ergonomic}
    uintx NonProfiledCodeHeapSize                  = 122913754                              {pd product} {ergonomic}
    uintx ProfiledCodeHeapSize                     = 122913754                              {pd product} {ergonomic}
    uintx ReservedCodeCacheSize                    = 251658240                              {pd product} {ergonomic}
     bool SegmentedCodeCache                       = true                                      {product} {ergonomic}
     bool UseCompressedClassPointers               = true                                 {lp64_product} {ergonomic}
     bool UseCompressedOops                        = true                                 {lp64_product} {ergonomic}
     bool UseG1GC                                  = true                                      {product} {ergonomic}
     bool UseLargePagesIndividualAllocation        = false                                  {pd product} {ergonomic}

Logging:
Log output configuration:
 #0: stdout all=warning uptime,level,tags
 #1: stderr all=off uptime,level,tags

Environment Variables:
JAVA_HOME=D:\java\jdk
CLASSPATH=.;D:\java\jdk\lib\dt.jar;D:\java\jdk\lib\tools.jar;D:\weka\Weka-3-6\weka.jar
PATH=D:\xshell\;C:\WINDOWS\system32;C:\WINDOWS;C:\WINDOWS\System32\Wbem;C:\WINDOWS\System32\WindowsPowerShell\v1.0\;C:\WINDOWS\system32\config\systemprofile\.dnx\bin;C:\Program Files\Microsoft DNX\Dnvm\;D:\java\jdk\bin;D:\java\jdk\jre\bin;C:\Program Files\Microsoft SQL Server\130\Tools\Binn\;C:\Program Files\MySQL\MySQL Utilities 1.6\;C:\Program Files\MySQL\MySQL Server 5.7\bin;D:\DEV\Dev-Cpp\MinGW64\bin;D:\python;D:\python\Scripts;C:\WINDOWS\System32\OpenSSH\;C:\CTEX\UserData\miktex\bin;C:\CTEX\MiKTeX\miktex\bin;C:\CTEX\CTeX\ctex\bin;C:\CTEX\CTeX\cct\bin;C:\CTEX\CTeX\ty\bin;C:\CTEX\Ghostscript\gs9.05\bin;C:\CTEX\GSview\gsview;C:\CTEX\WinEdt;D:\matlab 2018\runtime\win64;D:\matlab 2018\bin;D:\³£ÓÃÈí¼þ\SVN\bin;D:\;ÓÃÈí¼þ\TortoiseSVN\bin;;;D:\Git\cmd;C:\Users\Administrator\AppData\Local\Microsoft\WindowsApps;C:\Program Files\MySQL\MySQL Server 5.7\bin;D:\DEV\Dev-Cpp\MinGW64\bin;C:\Users\Administrator\AppData\Local\GitHubDesktop\bin;D:\python;D:\python\Scripts;C:\Users\Administrator\AppData\Local\Microsoft\WindowsApps;D:\PYcharm\PyCharm 2019.1.2\bin;;D:\IntelliJ IDEA 2020.3.3\bin;
USERNAME=Administrator
OS=Windows_NT
PROCESSOR_IDENTIFIER=Intel64 Family 6 Model 61 Stepping 4, GenuineIntel



---------------  S Y S T E M  ---------------

OS: Windows 10 , 64 bit Build 17134 (10.0.17134.1425)
OS uptime: 0 days 2:51 hours

CPU:total 4 (initial active 4) (2 cores per cpu, 2 threads per core) family 6 model 61 stepping 4 microcode 0x2f, cmov, cx8, fxsr, mmx, sse, sse2, sse3, ssse3, sse4.1, sse4.2, popcnt, avx, avx2, aes, clmul, erms, 3dnowpref, lzcnt, ht, tsc, tscinvbit, bmi1, bmi2, adx, fma

Memory: 4k page, system-wide physical 8111M (1276M free)
TotalPageFile size 8111M (AvailPageFile size 369M)
current process WorkingSet (physical memory assigned to process): 366M, peak: 495M
current process commit charge ("private bytes"): 435M, peak: 805M

vm_info: OpenJDK 64-Bit Server VM (11.0.10+8-b1145.96) for windows-amd64 JRE (11.0.10+8-b1145.96), built on Feb 18 2021 01:38:16 by "" with MS VC++ 14.0 (VS2015)

END.
